
Turn 79
================================================================
warning: owned entities 28, 27 collided on cell (7, 16) as the result of moves on this turn
At command 1 of 14:
>>> 1   m 28 w
    2   m 5 o
    3   m 10 w


Turn 221
================================================================
warning: owned entities 83, 29 collided on cell (14, 7) as the result of moves on this turn
At command 4 of 26:
    2   m 58 n
    3   m 67 s
>>> 4   m 83 e
    5   m 55 n
    6   m 68 o


Turn 395
================================================================
warning: owned entities 55, 61 collided on cell (8, 16) as the result of moves on this turn
At command 1 of 5:
>>> 1   m 55 s
    2   m 50 e
    3   m 67 s

Other commands that placed an entity on this cell:
    2   m 50 e
    3   m 67 s
>>> 4   m 61 n
    5   m 24 n


Turn 396
================================================================
warning: owned entities 67, 50, 24 collided on cell (8, 16) as the result of moves on this turn
At command 1 of 3:
>>> 1   m 67 s
    2   m 50 e
    3   m 24 n

Other commands that placed an entity on this cell:
    1   m 67 s
>>> 2   m 50 e
    3   m 24 n

    1   m 67 s
    2   m 50 e
>>> 3   m 24 n

