
Turn 467
================================================================
warning: owned entities 72, 31, 57 collided on cell (6, 3) as the result of moves on this turn
At command 2 of 31:
    1   m 27 s
>>> 2   m 72 s
    3   m 109 s
    4   m 76 s

Other commands that placed an entity on this cell:
    20   m 14 e
    21   m 51 s
>>> 22   m 31 e
    23   m 110 s
    24   m 39 s

warning: owned entities 111, 110 collided on cell (14, 28) as the result of moves on this turn
At command 5 of 31:
    3   m 109 s
    4   m 76 s
>>> 5   m 111 w
    6   m 97 s
    7   m 35 s

Other commands that placed an entity on this cell:
    21   m 51 s
    22   m 31 e
>>> 23   m 110 s
    24   m 39 s
    25   m 58 e


Turn 468
================================================================
warning: owned entities 48, 20, 5 collided on cell (6, 3) as the result of moves on this turn
At command 9 of 26:
    7   m 102 n
    8   m 25 s
>>> 9   m 48 w
    10   m 14 e
    11   m 92 e

Other commands that placed an entity on this cell:
    11   m 92 e
    12   m 65 o
>>> 13   m 20 e
    14   m 87 s
    15   m 50 e

    22   m 58 e
    23   m 1 w
>>> 24   m 5 s
    25   m 88 n
    26   m 81 s


Turn 469
================================================================
warning: owned entities 92, 7, 58, 51 collided on cell (6, 3) as the result of moves on this turn
At command 9 of 23:
    7   m 39 s
    8   m 40 s
>>> 9   m 92 s
    10   m 50 e
    11   m 1 n

Other commands that placed an entity on this cell:
    12   m 81 s
    13   m 86 s
>>> 14   m 7 w
    15   m 58 e
    16   m 76 o

    13   m 86 s
    14   m 7 w
>>> 15   m 58 e
    16   m 76 o
    17   m 51 n

    15   m 58 e
    16   m 76 o
>>> 17   m 51 n
    18   m 87 e
    19   m 94 s


Turn 470
================================================================
warning: owned entities 27, 50, 97, 88 collided on cell (6, 3) as the result of moves on this turn
At command 2 of 19:
    1   m 52 s
>>> 2   m 27 s
    3   m 50 e
    4   m 87 e

Other commands that placed an entity on this cell:
    1   m 52 s
    2   m 27 s
>>> 3   m 50 e
    4   m 87 e
    5   m 1 n

    4   m 87 e
    5   m 1 n
>>> 6   m 97 w
    7   m 14 o
    8   m 35 e

    7   m 14 o
    8   m 35 e
>>> 9   m 88 n
    10   m 109 s
    11   m 81 w


Turn 471
================================================================
warning: owned entities 109, 87, 40, 1 collided on cell (6, 3) as the result of moves on this turn
At command 2 of 15:
    1   m 52 o
>>> 2   m 109 s
    3   m 87 e
    4   m 35 e

Other commands that placed an entity on this cell:
    1   m 52 o
    2   m 109 s
>>> 3   m 87 e
    4   m 35 e
    5   m 40 w

    3   m 87 e
    4   m 35 e
>>> 5   m 40 w
    6   m 65 n
    7   m 1 n

    5   m 40 w
    6   m 65 n
>>> 7   m 1 n
    8   m 39 e
    9   m 81 o


Turn 472
================================================================
warning: owned entities 65, 35, 76, 86 collided on cell (6, 3) as the result of moves on this turn
At command 3 of 11:
    1   m 94 n
    2   m 25 s
>>> 3   m 65 n
    4   m 35 e
    5   m 102 s

Other commands that placed an entity on this cell:
    2   m 25 s
    3   m 65 n
>>> 4   m 35 e
    5   m 102 s
    6   m 76 s

    4   m 35 e
    5   m 102 s
>>> 6   m 76 s
    7   m 86 w
    8   m 39 e

    5   m 102 s
    6   m 76 s
>>> 7   m 86 w
    8   m 39 e
    9   m 52 s


Turn 473
================================================================
warning: owned entities 94, 102, 39, 52 collided on cell (6, 3) as the result of moves on this turn
At command 1 of 7:
>>> 1   m 94 n
    2   m 25 s
    3   m 102 w

Other commands that placed an entity on this cell:
    1   m 94 n
    2   m 25 s
>>> 3   m 102 w
    4   m 39 e
    5   m 52 s

    2   m 25 s
    3   m 102 w
>>> 4   m 39 e
    5   m 52 s
    6   m 81 n

    3   m 102 w
    4   m 39 e
>>> 5   m 52 s
    6   m 81 n
    7   m 14 o


Turn 474
================================================================
warning: owned entities 25, 81 collided on cell (6, 3) as the result of moves on this turn
At command 1 of 3:
>>> 1   m 25 w
    2   m 81 n
    3   m 14 o

Other commands that placed an entity on this cell:
    1   m 25 w
>>> 2   m 81 n
    3   m 14 o

