
Turn 466
================================================================
warning: owned entities 44, 88, 8 collided on cell (25, 12) as the result of moves on this turn
At command 17 of 38:
    15   m 54 s
    16   m 8 o
>>> 17   m 44 s
    18   m 105 e
    19   m 18 e

Other commands that placed an entity on this cell:
    20   m 97 e
    21   m 70 w
>>> 22   m 88 e
    23   m 2 o
    24   m 11 e

warning: owned entities 84, 77 collided on cell (29, 0) as the result of moves on this turn
At command 5 of 38:
    3   m 85 e
    4   m 64 e
>>> 5   m 84 e
    6   m 4 s
    7   m 83 o

Other commands that placed an entity on this cell:
    23   m 2 o
    24   m 11 e
>>> 25   m 77 s
    26   m 27 e
    27   m 20 s


Turn 467
================================================================
warning: owned entities 70, 33, 23, 4 collided on cell (29, 0) as the result of moves on this turn
At command 1 of 33:
>>> 1   m 70 w
    2   m 35 n
    3   m 46 n

Other commands that placed an entity on this cell:
    7   m 24 s
    8   m 103 n
>>> 9   m 33 e
    10   m 73 o
    11   m 49 w

    24   m 6 e
    25   m 85 o
>>> 26   m 23 n
    27   m 102 o
    28   m 105 e

    27   m 102 o
    28   m 105 e
>>> 29   m 4 s
    30   m 83 e
    31   m 2 s


Turn 468
================================================================
warning: owned entities 27, 40, 76, 18 collided on cell (29, 0) as the result of moves on this turn
At command 9 of 29:
    7   m 35 o
    8   m 54 w
>>> 9   m 27 e
    10   m 40 s
    11   m 95 s

Other commands that placed an entity on this cell:
    8   m 54 w
    9   m 27 e
>>> 10   m 40 s
    11   m 95 s
    12   m 76 w

    10   m 40 s
    11   m 95 s
>>> 12   m 76 w
    13   m 46 n
    14   m 10 o

    18   m 50 e
    19   m 11 s
>>> 20   m 18 n
    21   m 97 o
    22   m 73 s

warning: owned entities 46, 24, 97 collided on cell (25, 12) as the result of moves on this turn
At command 13 of 29:
    11   m 95 s
    12   m 76 w
>>> 13   m 46 n
    14   m 10 o
    15   m 24 s

Other commands that placed an entity on this cell:
    13   m 46 n
    14   m 10 o
>>> 15   m 24 s
    16   m 103 o
    17   m 49 w


Turn 469
================================================================
warning: owned entities 11, 85 collided on cell (25, 12) as the result of moves on this turn
At command 5 of 22:
    3   m 47 e
    4   m 73 s
>>> 5   m 11 s
    6   m 49 w
    7   m 68 e

Other commands that placed an entity on this cell:
    14   m 95 o
    15   m 6 e
>>> 16   m 85 e
    17   m 99 s
    18   m 20 e

warning: owned entities 73, 102, 54, 6 collided on cell (29, 0) as the result of moves on this turn
At command 4 of 22:
    2   m 64 e
    3   m 47 e
>>> 4   m 73 s
    5   m 11 s
    6   m 49 w

Other commands that placed an entity on this cell:
    6   m 49 w
    7   m 68 e
>>> 8   m 102 n
    9   m 2 s
    10   m 54 w

    8   m 102 n
    9   m 2 s
>>> 10   m 54 w
    11   m 83 e
    12   m 50 e

    13   m 105 o
    14   m 95 o
>>> 15   m 6 e
    16   m 85 e
    17   m 99 s


Turn 470
================================================================
warning: owned entities 35, 20 collided on cell (25, 12) as the result of moves on this turn
At command 4 of 16:
    2   m 108 e
    3   m 50 e
>>> 4   m 35 n
    5   m 83 n
    6   m 2 s

Other commands that placed an entity on this cell:
    9   m 64 e
    10   m 82 w
>>> 11   m 20 e
    12   m 99 s
    13   m 49 w

warning: owned entities 10, 83, 64, 82 collided on cell (29, 0) as the result of moves on this turn
At command 1 of 16:
>>> 1   m 10 s
    2   m 108 e
    3   m 50 e

Other commands that placed an entity on this cell:
    3   m 50 e
    4   m 35 n
>>> 5   m 83 n
    6   m 2 s
    7   m 47 s

    7   m 47 s
    8   m 68 e
>>> 9   m 64 e
    10   m 82 w
    11   m 20 e

    8   m 68 e
    9   m 64 e
>>> 10   m 82 w
    11   m 20 e
    12   m 99 s


Turn 471
================================================================
warning: owned entities 68, 49, 108, 2 collided on cell (29, 0) as the result of moves on this turn
At command 1 of 10:
>>> 1   m 68 s
    2   m 49 n
    3   m 99 s

Other commands that placed an entity on this cell:
    1   m 68 s
>>> 2   m 49 n
    3   m 99 s
    4   m 108 e

    2   m 49 n
    3   m 99 s
>>> 4   m 108 e
    5   m 50 e
    6   m 47 e

    5   m 50 e
    6   m 47 e
>>> 7   m 2 w
    8   m 105 o
    9   m 95 w


Turn 472
================================================================
warning: owned entities 50, 47 collided on cell (25, 12) as the result of moves on this turn
At command 3 of 6:
    1   m 95 w
    2   m 47 o
>>> 3   m 50 e
    4   m 99 e
    5   m 105 o

warning: owned entities 95, 99 collided on cell (29, 0) as the result of moves on this turn
At command 1 of 6:
>>> 1   m 95 w
    2   m 47 o
    3   m 50 e

Other commands that placed an entity on this cell:
    2   m 47 o
    3   m 50 e
>>> 4   m 99 e
    5   m 105 o
    6   m 103 o

