
Turn 391
================================================================
warning: owned entities 60, 9 collided on cell (23, 16) as the result of moves on this turn
At command 9 of 33:
    7   m 41 w
    8   m 36 w
>>> 9   m 60 e
    10   m 73 w
    11   m 22 w

Other commands that placed an entity on this cell:
    24   m 31 e
    25   m 72 w
>>> 26   m 9 w
    27   m 71 e
    28   m 75 s


Turn 392
================================================================
warning: owned entities 22, 32, 0 collided on cell (23, 16) as the result of moves on this turn
At command 7 of 31:
    5   m 77 s
    6   m 27 w
>>> 7   m 22 w
    8   m 24 n
    9   m 28 w

Other commands that placed an entity on this cell:
    8   m 24 n
    9   m 28 w
>>> 10   m 32 e
    11   m 39 w
    12   m 67 w

    19   m 74 e
    20   m 6 o
>>> 21   m 0 n
    22   m 31 e
    23   m 72 w


Turn 393
================================================================
warning: owned entities 67, 73, 31, 58 collided on cell (23, 16) as the result of moves on this turn
At command 5 of 28:
    3   m 55 o
    4   m 66 w
>>> 5   m 67 w
    6   m 24 e
    7   m 36 w

Other commands that placed an entity on this cell:
    10   m 39 n
    11   m 17 w
>>> 12   m 73 s
    13   m 77 w
    14   m 61 w

    18   m 50 o
    19   m 74 e
>>> 20   m 31 e
    21   m 72 w
    22   m 71 e

    24   m 69 s
    25   m 57 w
>>> 26   m 58 n
    27   m 68 w
    28   m 6 e

warning: owned entities 77, 55 collided on cell (11, 21) as the result of moves on this turn
At command 13 of 28:
    11   m 17 w
    12   m 73 s
>>> 13   m 77 w
    14   m 61 w
    15   m 27 w


Turn 394
================================================================
warning: owned entities 71, 72, 36, 41 collided on cell (23, 16) as the result of moves on this turn
At command 4 of 22:
    2   m 27 o
    3   m 61 w
>>> 4   m 71 e
    5   m 39 o
    6   m 33 w

Other commands that placed an entity on this cell:
    6   m 33 w
    7   m 28 w
>>> 8   m 72 s
    9   m 17 w
    10   m 68 n

    11   m 6 o
    12   m 24 o
>>> 13   m 36 n
    14   m 41 w
    15   m 19 s

    12   m 24 o
    13   m 36 n
>>> 14   m 41 w
    15   m 19 s
    16   m 66 s

warning: owned entities 33, 68 collided on cell (11, 21) as the result of moves on this turn
At command 6 of 22:
    4   m 71 e
    5   m 39 o
>>> 6   m 33 w
    7   m 28 w
    8   m 72 s

Other commands that placed an entity on this cell:
    8   m 72 s
    9   m 17 w
>>> 10   m 68 n
    11   m 6 o
    12   m 24 o


Turn 395
================================================================
warning: owned entities 17, 74, 61, 48 collided on cell (23, 16) as the result of moves on this turn
At command 1 of 16:
>>> 1   m 17 n
    2   m 74 e
    3   m 28 w

Other commands that placed an entity on this cell:
    1   m 17 n
>>> 2   m 74 e
    3   m 28 w
    4   m 61 w

    2   m 74 e
    3   m 28 w
>>> 4   m 61 w
    5   m 19 s
    6   m 66 s

    7   m 75 w
    8   m 51 w
>>> 9   m 48 s
    10   m 69 w
    11   m 57 w

warning: owned entities 19, 69 collided on cell (11, 21) as the result of moves on this turn
At command 5 of 16:
    3   m 28 w
    4   m 61 w
>>> 5   m 19 s
    6   m 66 s
    7   m 75 w

Other commands that placed an entity on this cell:
    8   m 51 w
    9   m 48 s
>>> 10   m 69 w
    11   m 57 w
    12   m 27 w


Turn 396
================================================================
warning: owned entities 6, 28, 27, 50 collided on cell (23, 16) as the result of moves on this turn
At command 4 of 10:
    2   m 66 e
    3   m 24 s
>>> 4   m 6 n
    5   m 51 w
    6   m 28 w

Other commands that placed an entity on this cell:
    4   m 6 n
    5   m 51 w
>>> 6   m 28 w
    7   m 57 w
    8   m 27 s

    6   m 28 w
    7   m 57 w
>>> 8   m 27 s
    9   m 39 e
    10   m 50 e

    8   m 27 s
    9   m 39 e
>>> 10   m 50 e

warning: owned entities 24, 57, 39 collided on cell (11, 21) as the result of moves on this turn
At command 3 of 10:
    1   m 75 w
    2   m 66 e
>>> 3   m 24 s
    4   m 6 n
    5   m 51 w

Other commands that placed an entity on this cell:
    5   m 51 w
    6   m 28 w
>>> 7   m 57 w
    8   m 27 s
    9   m 39 e

    7   m 57 w
    8   m 27 s
>>> 9   m 39 e
    10   m 50 e


Turn 397
================================================================
warning: owned entities 66, 75, 51 collided on cell (23, 16) as the result of moves on this turn
At command 1 of 3:
>>> 1   m 66 e
    2   m 75 s
    3   m 51 w

Other commands that placed an entity on this cell:
    1   m 66 e
>>> 2   m 75 s
    3   m 51 w

    1   m 66 e
    2   m 75 s
>>> 3   m 51 w

