
Turn 491
================================================================
warning: owned entities 227, 11, 5, 40 collided on cell (14, 10) as the result of moves on this turn
At command 10 of 33:
    8   m 291 w
    9   m 28 n
>>> 10   m 227 n
    11   m 233 w
    12   m 89 e

Other commands that placed an entity on this cell:
    13   m 171 e
    14   m 174 s
>>> 15   m 11 w
    16   m 35 n
    17   m 145 w

    21   m 289 w
    22   m 254 n
>>> 23   m 5 e
    24   m 253 w
    25   m 211 w


Turn 492
================================================================
warning: owned entities 35, 289, 254 collided on cell (6, 37) as the result of moves on this turn
At command 10 of 29:
    8   m 270 s
    9   m 259 e
>>> 10   m 35 n
    11   m 69 w
    12   m 274 e

Other commands that placed an entity on this cell:
    11   m 69 w
    12   m 274 e
>>> 13   m 289 w
    14   m 14 w
    15   m 267 e

    18   m 174 s
    19   m 145 n
>>> 20   m 254 e
    21   m 211 w
    22   m 38 o

warning: owned entities 78, 174, 211 collided on cell (14, 10) as the result of moves on this turn
At command 16 of 29:
    14   m 14 w
    15   m 267 e
>>> 16   m 78 e
    17   m 89 o
    18   m 174 s

Other commands that placed an entity on this cell:
    16   m 78 e
    17   m 89 o
>>> 18   m 174 s
    19   m 145 n
    20   m 254 e

    19   m 145 n
    20   m 254 e
>>> 21   m 211 w
    22   m 38 o
    23   m 167 o


Turn 493
================================================================
warning: owned entities 69, 253, 28, 171 collided on cell (14, 10) as the result of moves on this turn
At command 5 of 23:
    3   m 274 e
    4   m 267 s
>>> 5   m 69 s
    6   m 259 e
    7   m 270 e

Other commands that placed an entity on this cell:
    8   m 145 s
    9   m 257 o
>>> 10   m 253 w
    11   m 291 o
    12   m 28 n

    10   m 253 w
    11   m 291 o
>>> 12   m 28 n
    13   m 171 e
    14   m 14 w

    11   m 291 o
    12   m 28 n
>>> 13   m 171 e
    14   m 14 w
    15   m 47 n

warning: owned entities 274, 257 collided on cell (11, 22) as the result of moves on this turn
At command 3 of 23:
    1   m 288 w
    2   m 233 w
>>> 3   m 274 e
    4   m 267 s
    5   m 69 s

warning: owned entities 267, 259, 47, 29 collided on cell (6, 37) as the result of moves on this turn
At command 4 of 23:
    2   m 233 w
    3   m 274 e
>>> 4   m 267 s
    5   m 69 s
    6   m 259 e

Other commands that placed an entity on this cell:
    4   m 267 s
    5   m 69 s
>>> 6   m 259 e
    7   m 270 e
    8   m 145 s

    13   m 171 e
    14   m 14 w
>>> 15   m 47 n
    16   m 204 s
    17   m 196 e

    16   m 204 s
    17   m 196 e
>>> 18   m 29 w
    19   m 201 w
    20   m 34 s


Turn 494
================================================================
warning: owned entities 270, 196 collided on cell (6, 37) as the result of moves on this turn
At command 6 of 13:
    4   m 14 w
    5   m 233 w
>>> 6   m 270 s
    7   m 145 s
    8   m 196 e

Other commands that placed an entity on this cell:
    6   m 270 s
    7   m 145 s
>>> 8   m 196 e
    9   m 34 e
    10   m 201 n

warning: owned entities 14, 34, 201, 89 collided on cell (14, 10) as the result of moves on this turn
At command 4 of 13:
    2   m 204 s
    3   m 288 o
>>> 4   m 14 w
    5   m 233 w
    6   m 270 s

Other commands that placed an entity on this cell:
    7   m 145 s
    8   m 196 e
>>> 9   m 34 e
    10   m 201 n
    11   m 89 s

    8   m 196 e
    9   m 34 e
>>> 10   m 201 n
    11   m 89 s
    12   m 38 s

    9   m 34 e
    10   m 201 n
>>> 11   m 89 s
    12   m 38 s
    13   m 291 o


Turn 495
================================================================
warning: owned entities 233, 145, 38 collided on cell (14, 10) as the result of moves on this turn
At command 3 of 7:
    1   m 204 s
    2   m 167 s
>>> 3   m 233 w
    4   m 145 e
    5   m 38 s

Other commands that placed an entity on this cell:
    2   m 167 s
    3   m 233 w
>>> 4   m 145 e
    5   m 38 s
    6   m 288 o

    3   m 233 w
    4   m 145 e
>>> 5   m 38 s
    6   m 288 o
    7   m 291 o


Turn 496
================================================================
warning: owned entities 291, 288 collided on cell (24, 39) as the result of moves on this turn
At command 4 of 4:
    2   m 204 e
    3   m 288 o
>>> 4   m 291 e


Turn 497
================================================================
warning: owned entities 204, 167 collided on cell (14, 10) as the result of moves on this turn
At command 2 of 2:
    1   m 167 o
>>> 2   m 204 e

