
Turn 388
================================================================
warning: entity 52 was directed to use 111 halite to move east, but only 98 halite was available
At command 1 of 14:
>>> 1   m 52 e
    2   m 45 s
    3   m 82 w


Turn 393
================================================================
warning: owned entities 64, 6 collided on cell (23, 16) as the result of moves on this turn
At command 1 of 14:
>>> 1   m 64 e
    2   m 47 e
    3   m 84 e

Other commands that placed an entity on this cell:
    6   m 7 w
    7   m 81 o
>>> 8   m 6 n
    9   m 80 w
    10   m 55 w


Turn 394
================================================================
warning: owned entities 73, 84 collided on cell (23, 16) as the result of moves on this turn
At command 1 of 12:
>>> 1   m 73 n
    2   m 55 w
    3   m 52 o

Other commands that placed an entity on this cell:
    5   m 80 w
    6   m 47 e
>>> 7   m 84 s
    8   m 10 w
    9   m 7 w

warning: owned entities 47, 82 collided on cell (31, 4) as the result of moves on this turn
At command 6 of 12:
    4   m 78 o
    5   m 80 w
>>> 6   m 47 e
    7   m 84 s
    8   m 10 w


Turn 395
================================================================
warning: owned entities 55, 80, 81 collided on cell (23, 16) as the result of moves on this turn
At command 2 of 8:
    1   m 10 w
>>> 2   m 55 s
    3   m 80 w
    4   m 7 w

Other commands that placed an entity on this cell:
    1   m 10 w
    2   m 55 s
>>> 3   m 80 w
    4   m 7 w
    5   m 81 e

    3   m 80 w
    4   m 7 w
>>> 5   m 81 e
    6   m 45 w
    7   m 52 e


Turn 396
================================================================
warning: owned entities 78, 52, 45 collided on cell (23, 16) as the result of moves on this turn
At command 1 of 5:
>>> 1   m 78 s
    2   m 52 e
    3   m 7 o

Other commands that placed an entity on this cell:
    1   m 78 s
>>> 2   m 52 e
    3   m 7 o
    4   m 45 w

    2   m 52 e
    3   m 7 o
>>> 4   m 45 w
    5   m 10 w

