
Turn 395
================================================================
warning: owned entities 23, 25, 35, 38 collided on cell (6, 29) as the result of moves on this turn
At command 1 of 8:
>>> 1   m 23 n
    2   m 38 o
    3   m 34 w

Other commands that placed an entity on this cell:
    2   m 38 o
    3   m 34 w
>>> 4   m 25 e
    5   m 35 w
    6   m 9 e

    3   m 34 w
    4   m 25 e
>>> 5   m 35 w
    6   m 9 e
    7   m 30 s


Turn 396
================================================================
warning: owned entities 30, 34, 42 collided on cell (6, 29) as the result of moves on this turn
At command 1 of 4:
>>> 1   m 30 s
    2   m 9 o
    3   m 34 w

Other commands that placed an entity on this cell:
    1   m 30 s
    2   m 9 o
>>> 3   m 34 w
    4   m 42 n

    2   m 9 o
    3   m 34 w
>>> 4   m 42 n

