
Turn 468
================================================================
warning: owned entities 19, 113 collided on cell (44, 0) as the result of moves on this turn
At command 9 of 23:
    7   m 22 o
    8   m 56 o
>>> 9   m 19 w
    10   m 38 w
    11   m 8 e

Other commands that placed an entity on this cell:
    14   m 98 w
    15   m 2 w
>>> 16   m 113 n
    17   m 105 o
    18   m 99 w


Turn 469
================================================================
warning: owned entities 17, 38, 2, 73 collided on cell (44, 0) as the result of moves on this turn
At command 3 of 21:
    1   m 44 w
    2   m 98 w
>>> 3   m 17 e
    4   m 0 w
    5   m 84 e

Other commands that placed an entity on this cell:
    4   m 0 w
    5   m 84 e
>>> 6   m 38 n
    7   m 2 s
    8   m 4 w

    5   m 84 e
    6   m 38 n
>>> 7   m 2 s
    8   m 4 w
    9   m 78 w

    8   m 4 w
    9   m 78 w
>>> 10   m 73 w
    11   m 8 e
    12   m 99 o


Turn 470
================================================================
warning: owned entities 71, 22, 84, 4 collided on cell (44, 0) as the result of moves on this turn
At command 1 of 17:
>>> 1   m 71 n
    2   m 79 w
    3   m 103 n

Other commands that placed an entity on this cell:
    5   m 100 w
    6   m 98 w
>>> 7   m 22 s
    8   m 44 w
    9   m 84 e

    7   m 22 s
    8   m 44 w
>>> 9   m 84 e
    10   m 107 w
    11   m 0 w

    12   m 105 e
    13   m 78 w
>>> 14   m 4 w
    15   m 99 s
    16   m 64 w


Turn 471
================================================================
warning: owned entities 64, 100, 0, 8 collided on cell (44, 0) as the result of moves on this turn
At command 1 of 13:
>>> 1   m 64 n
    2   m 56 o
    3   m 99 w

Other commands that placed an entity on this cell:
    3   m 99 w
    4   m 78 w
>>> 5   m 100 s
    6   m 105 o
    7   m 0 w

    5   m 100 s
    6   m 105 o
>>> 7   m 0 w
    8   m 107 w
    9   m 8 e

    7   m 0 w
    8   m 107 w
>>> 9   m 8 e
    10   m 79 n
    11   m 44 w


Turn 472
================================================================
warning: owned entities 98, 103, 44, 99 collided on cell (44, 0) as the result of moves on this turn
At command 1 of 9:
>>> 1   m 98 n
    2   m 103 e
    3   m 44 w

Other commands that placed an entity on this cell:
    1   m 98 n
>>> 2   m 103 e
    3   m 44 w
    4   m 99 s

    1   m 98 n
    2   m 103 e
>>> 3   m 44 w
    4   m 99 s
    5   m 78 w

    2   m 103 e
    3   m 44 w
>>> 4   m 99 s
    5   m 78 w
    6   m 107 w


Turn 473
================================================================
warning: owned entities 78, 107 collided on cell (44, 0) as the result of moves on this turn
At command 1 of 5:
>>> 1   m 78 n
    2   m 107 w
    3   m 79 n

Other commands that placed an entity on this cell:
    1   m 78 n
>>> 2   m 107 w
    3   m 79 n
    4   m 56 o

