
Turn 57
================================================================
warning: owned entities 17, 16 collided on cell (15, 28) as the result of moves on this turn
At command 1 of 9:
>>> 1   m 17 e
    2   m 16 o
    3   m 15 o


Turn 466
================================================================
warning: owned entities 133, 142, 140 collided on cell (14, 28) as the result of moves on this turn
At command 13 of 21:
    11   m 107 s
    12   m 96 w
>>> 13   m 133 s
    14   m 113 e
    15   m 150 s

Other commands that placed an entity on this cell:
    15   m 150 s
    16   m 83 e
>>> 17   m 142 e
    18   m 105 s
    19   m 31 w


Turn 467
================================================================
warning: owned entities 96, 58 collided on cell (24, 22) as the result of moves on this turn
At command 7 of 18:
    5   m 113 e
    6   m 150 s
>>> 7   m 96 w
    8   m 58 s
    9   m 71 e

Other commands that placed an entity on this cell:
    6   m 150 s
    7   m 96 w
>>> 8   m 58 s
    9   m 71 e
    10   m 118 s


Turn 468
================================================================
warning: owned entities 31, 148 collided on cell (24, 22) as the result of moves on this turn
At command 10 of 16:
    8   m 55 n
    9   m 71 e
>>> 10   m 31 n
    11   m 105 s
    12   m 148 s

Other commands that placed an entity on this cell:
    10   m 31 n
    11   m 105 s
>>> 12   m 148 s
    13   m 111 e
    14   m 24 e

warning: owned entities 113, 150, 107 collided on cell (14, 28) as the result of moves on this turn
At command 2 of 16:
    1   m 106 n
>>> 2   m 113 e
    3   m 150 s
    4   m 107 o

Other commands that placed an entity on this cell:
    1   m 106 n
    2   m 113 e
>>> 3   m 150 s
    4   m 107 o
    5   m 118 e


Turn 469
================================================================
warning: owned entities 121, 55 collided on cell (14, 28) as the result of moves on this turn
At command 2 of 11:
    1   m 106 n
>>> 2   m 121 w
    3   m 83 s
    4   m 111 e

Other commands that placed an entity on this cell:
    5   m 118 e
    6   m 71 s
>>> 7   m 55 n
    8   m 105 s
    9   m 24 e


Turn 470
================================================================
warning: owned entities 83, 111 collided on cell (24, 22) as the result of moves on this turn
At command 5 of 9:
    3   m 118 o
    4   m 106 n
>>> 5   m 83 s
    6   m 105 s
    7   m 61 s


Turn 471
================================================================
warning: owned entities 119, 105, 61, 24 collided on cell (14, 28) as the result of moves on this turn
At command 2 of 7:
    1   m 71 s
>>> 2   m 119 n
    3   m 106 o
    4   m 105 e

Other commands that placed an entity on this cell:
    2   m 119 n
    3   m 106 o
>>> 4   m 105 e
    5   m 61 s
    6   m 24 o

    3   m 106 o
    4   m 105 e
>>> 5   m 61 s
    6   m 24 o
    7   m 118 e


Turn 473
================================================================
warning: owned entities 106, 71 collided on cell (24, 22) as the result of moves on this turn
At command 2 of 3:
    1   m 118 o
>>> 2   m 106 n
    3   m 71 o

