
Turn 440
================================================================
warning: owned entities 59, 97 collided on cell (31, 44) as the result of moves on this turn
At command 13 of 39:
    11   m 56 w
    12   m 27 w
>>> 13   m 59 s
    14   m 84 e
    15   m 47 e

Other commands that placed an entity on this cell:
    23   m 69 w
    24   m 18 e
>>> 25   m 97 n
    26   m 68 s
    27   m 64 n

warning: owned entities 33, 72 collided on cell (47, 21) as the result of moves on this turn
At command 3 of 39:
    1   m 96 s
    2   m 40 o
>>> 3   m 33 e
    4   m 60 n
    5   m 75 e

Other commands that placed an entity on this cell:
    15   m 47 e
    16   m 63 w
>>> 17   m 72 w
    18   m 57 w
    19   m 28 w


Turn 441
================================================================
warning: owned entities 64, 57, 8, 56 collided on cell (47, 21) as the result of moves on this turn
At command 6 of 35:
    4   m 4 w
    5   m 83 s
>>> 6   m 64 e
    7   m 24 o
    8   m 80 s

Other commands that placed an entity on this cell:
    8   m 80 s
    9   m 18 e
>>> 10   m 57 w
    11   m 69 w
    12   m 68 o

    14   m 75 e
    15   m 60 w
>>> 16   m 8 s
    17   m 87 e
    18   m 96 s

    19   m 6 e
    20   m 85 s
>>> 21   m 56 n
    22   m 92 s
    23   m 47 s


Turn 442
================================================================
warning: owned entities 84, 4, 80, 6 collided on cell (35, 24) as the result of moves on this turn
At command 7 of 31:
    5   m 70 n
    6   m 43 o
>>> 7   m 84 e
    8   m 63 w
    9   m 27 o

Other commands that placed an entity on this cell:
    16   m 69 w
    17   m 96 e
>>> 18   m 4 n
    19   m 83 o
    20   m 6 o

    23   m 87 o
    24   m 2 e
>>> 25   m 80 w
    26   m 75 n
    27   m 37 w

warning: owned entities 47, 85 collided on cell (31, 44) as the result of moves on this turn
At command 12 of 31:
    10   m 28 n
    11   m 71 o
>>> 12   m 47 e
    13   m 40 n
    14   m 92 s

Other commands that placed an entity on this cell:
    19   m 83 o
    20   m 6 o
>>> 21   m 85 s
    22   m 18 e
    23   m 87 o

warning: owned entities 28, 69, 96, 27 collided on cell (39, 37) as the result of moves on this turn
At command 10 of 31:
    8   m 63 w
    9   m 27 o
>>> 10   m 28 n
    11   m 71 o
    12   m 47 e

Other commands that placed an entity on this cell:
    14   m 92 s
    15   m 0 o
>>> 16   m 69 w
    17   m 96 e
    18   m 4 n

    15   m 0 o
    16   m 69 w
>>> 17   m 96 e
    18   m 4 n
    19   m 83 o


Turn 443
================================================================
warning: owned entities 92, 60 collided on cell (47, 21) as the result of moves on this turn
At command 9 of 21:
    7   m 63 w
    8   m 76 o
>>> 9   m 92 w
    10   m 39 s
    11   m 95 e

warning: owned entities 75, 18 collided on cell (31, 44) as the result of moves on this turn
At command 2 of 21:
    1   m 73 e
>>> 2   m 75 e
    3   m 37 w
    4   m 2 o

Other commands that placed an entity on this cell:
    3   m 37 w
    4   m 2 o
>>> 5   m 18 s
    6   m 40 o
    7   m 63 w


Turn 444
================================================================
warning: owned entities 73, 83 collided on cell (47, 21) as the result of moves on this turn
At command 7 of 17:
    5   m 24 n
    6   m 70 o
>>> 7   m 73 e
    8   m 0 w
    9   m 83 w

Other commands that placed an entity on this cell:
    7   m 73 e
    8   m 0 w
>>> 9   m 83 w
    10   m 37 o
    11   m 95 n

warning: owned entities 71, 87, 95 collided on cell (31, 44) as the result of moves on this turn
At command 1 of 17:
>>> 1   m 71 s
    2   m 61 e
    3   m 87 e

Other commands that placed an entity on this cell:
    1   m 71 s
    2   m 61 e
>>> 3   m 87 e
    4   m 68 w
    5   m 24 n

    9   m 83 w
    10   m 37 o
>>> 11   m 95 n
    12   m 63 w
    13   m 43 s


Turn 445
================================================================
warning: owned entities 39, 24 collided on cell (35, 24) as the result of moves on this turn
At command 3 of 12:
    1   m 76 s
    2   m 2 n
>>> 3   m 39 w
    4   m 43 w
    5   m 61 e

Other commands that placed an entity on this cell:
    4   m 43 w
    5   m 61 e
>>> 6   m 24 s
    7   m 40 e
    8   m 68 n

warning: owned entities 76, 2, 61 collided on cell (31, 44) as the result of moves on this turn
At command 1 of 12:
>>> 1   m 76 s
    2   m 2 n
    3   m 39 w

Other commands that placed an entity on this cell:
    1   m 76 s
>>> 2   m 2 n
    3   m 39 w
    4   m 43 w

    3   m 39 w
    4   m 43 w
>>> 5   m 61 e
    6   m 24 s
    7   m 40 e

warning: owned entities 68, 63 collided on cell (47, 21) as the result of moves on this turn
At command 8 of 12:
    6   m 24 s
    7   m 40 e
>>> 8   m 68 n
    9   m 63 w
    10   m 0 o

Other commands that placed an entity on this cell:
    7   m 40 e
    8   m 68 n
>>> 9   m 63 w
    10   m 0 o
    11   m 70 e

warning: owned entities 40, 37 collided on cell (39, 37) as the result of moves on this turn
At command 7 of 12:
    5   m 61 e
    6   m 24 s
>>> 7   m 40 e
    8   m 68 n
    9   m 63 w


Turn 447
================================================================
warning: owned entities 0, 43 collided on cell (31, 44) as the result of moves on this turn
At command 3 of 3:
    1   m 70 o
    2   m 43 o
>>> 3   m 0 s

