
Turn 414
================================================================
warning: owned entities 72, 76 collided on cell (4, 8) as the result of moves on this turn
At command 16 of 39:
    14   m 51 o
    15   m 26 n
>>> 16   m 72 s
    17   m 39 e
    18   m 52 w

Other commands that placed an entity on this cell:
    18   m 52 w
    19   m 63 n
>>> 20   m 76 w
    21   m 67 w
    22   m 61 w


Turn 415
================================================================
warning: owned entities 61, 69, 73 collided on cell (4, 8) as the result of moves on this turn
At command 2 of 37:
    1   m 63 n
>>> 2   m 61 n
    3   m 26 e
    4   m 49 o

Other commands that placed an entity on this cell:
    13   m 74 e
    14   m 34 e
>>> 15   m 69 w
    16   m 67 o
    17   m 27 n

    22   m 84 w
    23   m 80 n
>>> 24   m 73 s
    25   m 22 e
    26   m 77 w

warning: owned entities 27, 13 collided on cell (28, 20) as the result of moves on this turn
At command 17 of 37:
    15   m 69 w
    16   m 67 o
>>> 17   m 27 n
    18   m 82 e
    19   m 16 w

Other commands that placed an entity on this cell:
    19   m 16 w
    20   m 54 n
>>> 21   m 13 w
    22   m 84 w
    23   m 80 n


Turn 416
================================================================
warning: owned entities 63, 79 collided on cell (28, 20) as the result of moves on this turn
At command 6 of 32:
    4   m 50 s
    5   m 16 w
>>> 6   m 63 e
    7   m 86 o
    8   m 78 s

Other commands that placed an entity on this cell:
    15   m 11 e
    16   m 39 o
>>> 17   m 79 w
    18   m 52 w
    19   m 22 o

warning: owned entities 26, 78, 34 collided on cell (4, 8) as the result of moves on this turn
At command 3 of 32:
    1   m 74 e
    2   m 53 e
>>> 3   m 26 n
    4   m 50 s
    5   m 16 w

Other commands that placed an entity on this cell:
    6   m 63 e
    7   m 86 o
>>> 8   m 78 s
    9   m 85 e
    10   m 82 e

    11   m 28 w
    12   m 84 n
>>> 13   m 34 e
    14   m 12 w
    15   m 11 e


Turn 417
================================================================
warning: owned entities 77, 28, 36, 67 collided on cell (4, 8) as the result of moves on this turn
At command 1 of 27:
>>> 1   m 77 n
    2   m 11 n
    3   m 12 w

Other commands that placed an entity on this cell:
    2   m 11 n
    3   m 12 w
>>> 4   m 28 w
    5   m 43 w
    6   m 68 e

    16   m 84 n
    17   m 80 w
>>> 18   m 36 e
    19   m 83 o
    20   m 81 o

    21   m 59 o
    22   m 49 e
>>> 23   m 67 s
    24   m 86 n
    25   m 39 o

warning: owned entities 74, 80, 49 collided on cell (28, 20) as the result of moves on this turn
At command 11 of 27:
    9   m 85 e
    10   m 53 s
>>> 11   m 74 n
    12   m 51 o
    13   m 50 s

Other commands that placed an entity on this cell:
    15   m 16 w
    16   m 84 n
>>> 17   m 80 w
    18   m 36 e
    19   m 83 o

    20   m 81 o
    21   m 59 o
>>> 22   m 49 e
    23   m 67 s
    24   m 86 n

warning: owned entities 52, 39 collided on cell (20, 12) as the result of moves on this turn
At command 14 of 27:
    12   m 51 o
    13   m 50 s
>>> 14   m 52 w
    15   m 16 w
    16   m 84 n


Turn 418
================================================================
warning: owned entities 16, 12, 43 collided on cell (28, 20) as the result of moves on this turn
At command 3 of 18:
    1   m 22 e
    2   m 84 e
>>> 3   m 16 w
    4   m 50 s
    5   m 11 n

Other commands that placed an entity on this cell:
    10   m 54 e
    11   m 53 o
>>> 12   m 12 s
    13   m 43 n
    14   m 65 s

    11   m 53 o
    12   m 12 s
>>> 13   m 43 n
    14   m 65 s
    15   m 51 o

warning: owned entities 50, 86, 54 collided on cell (4, 8) as the result of moves on this turn
At command 4 of 18:
    2   m 84 e
    3   m 16 w
>>> 4   m 50 s
    5   m 11 n
    6   m 85 e

Other commands that placed an entity on this cell:
    6   m 85 e
    7   m 68 o
>>> 8   m 86 n
    9   m 82 o
    10   m 54 e

    8   m 86 n
    9   m 82 o
>>> 10   m 54 e
    11   m 53 o
    12   m 12 s


Turn 419
================================================================
warning: owned entities 84, 59 collided on cell (4, 8) as the result of moves on this turn
At command 1 of 12:
>>> 1   m 84 e
    2   m 85 o
    3   m 81 n

Other commands that placed an entity on this cell:
    3   m 81 n
    4   m 22 e
>>> 5   m 59 s
    6   m 11 w
    7   m 65 o


Turn 420
================================================================
warning: owned entities 51, 85 collided on cell (20, 12) as the result of moves on this turn
At command 8 of 10:
    6   m 81 w
    7   m 53 s
>>> 8   m 51 w
    9   m 85 o
    10   m 65 e

warning: owned entities 83, 22, 82, 53 collided on cell (4, 8) as the result of moves on this turn
At command 2 of 10:
    1   m 68 s
>>> 2   m 83 w
    3   m 22 n
    4   m 11 w

Other commands that placed an entity on this cell:
    1   m 68 s
    2   m 83 w
>>> 3   m 22 n
    4   m 11 w
    5   m 82 e

    3   m 22 n
    4   m 11 w
>>> 5   m 82 e
    6   m 81 w
    7   m 53 s

    5   m 82 e
    6   m 81 w
>>> 7   m 53 s
    8   m 51 w
    9   m 85 o


Turn 421
================================================================
warning: owned entities 68, 81, 65 collided on cell (4, 8) as the result of moves on this turn
At command 1 of 4:
>>> 1   m 68 s
    2   m 11 s
    3   m 81 w

Other commands that placed an entity on this cell:
    1   m 68 s
    2   m 11 s
>>> 3   m 81 w
    4   m 65 e

    2   m 11 s
    3   m 81 w
>>> 4   m 65 e

