
Turn 392
================================================================
warning: owned entities 60, 53 collided on cell (13, 5) as the result of moves on this turn
At command 1 of 13:
>>> 1   m 60 s
    2   m 63 s
    3   m 44 e

Other commands that placed an entity on this cell:
    3   m 44 e
    4   m 66 s
>>> 5   m 53 w
    6   m 36 e
    7   m 11 n


Turn 393
================================================================
warning: owned entities 44, 20 collided on cell (13, 5) as the result of moves on this turn
At command 1 of 11:
>>> 1   m 44 e
    2   m 66 s
    3   m 63 s

Other commands that placed an entity on this cell:
    8   m 8 w
    9   m 57 o
>>> 10   m 20 n
    11   m 42 w


Turn 394
================================================================
warning: owned entities 83, 46, 63, 8, 57 collided on cell (8, 16) as the result of moves on this turn
At command 1 of 9:
>>> 1   m 83 n
    2   m 46 w
    3   m 63 e

Other commands that placed an entity on this cell:
    1   m 83 n
>>> 2   m 46 w
    3   m 63 e
    4   m 66 s

    1   m 83 n
    2   m 46 w
>>> 3   m 63 e
    4   m 66 s
    5   m 36 n

    5   m 36 n
    6   m 42 s
>>> 7   m 8 s
    8   m 11 w
    9   m 57 o


Turn 395
================================================================
warning: owned entities 66, 42 collided on cell (13, 5) as the result of moves on this turn
At command 1 of 4:
>>> 1   m 66 s
    2   m 36 n
    3   m 42 o

warning: owned entities 36, 11 collided on cell (8, 16) as the result of moves on this turn
At command 2 of 4:
    1   m 66 s
>>> 2   m 36 n
    3   m 42 o
    4   m 11 w

Other commands that placed an entity on this cell:
    2   m 36 n
    3   m 42 o
>>> 4   m 11 w

