
Turn 466
================================================================
warning: owned entities 132, 61 collided on cell (35, 47) as the result of moves on this turn
At command 7 of 24:
    5   m 28 w
    6   m 107 e
>>> 7   m 132 w
    8   m 110 e
    9   m 16 n


Turn 467
================================================================
warning: owned entities 107, 36 collided on cell (41, 28) as the result of moves on this turn
At command 10 of 22:
    8   m 23 w
    9   m 28 w
>>> 10   m 107 e
    11   m 21 w
    12   m 11 w

Other commands that placed an entity on this cell:
    16   m 16 o
    17   m 114 e
>>> 18   m 36 w
    19   m 98 w
    20   m 42 e

warning: owned entities 64, 21, 110 collided on cell (35, 7) as the result of moves on this turn
At command 7 of 22:
    5   m 44 e
    6   m 91 w
>>> 7   m 64 e
    8   m 23 w
    9   m 28 w

Other commands that placed an entity on this cell:
    9   m 28 w
    10   m 107 e
>>> 11   m 21 w
    12   m 11 w
    13   m 90 s

    13   m 90 s
    14   m 79 e
>>> 15   m 110 s
    16   m 16 o
    17   m 114 e


Turn 468
================================================================
warning: owned entities 98, 101, 90, 42, 28 collided on cell (35, 47) as the result of moves on this turn
At command 1 of 17:
>>> 1   m 98 w
    2   m 97 o
    3   m 91 w

Other commands that placed an entity on this cell:
    2   m 97 o
    3   m 91 w
>>> 4   m 101 n
    5   m 99 n
    6   m 44 e

    8   m 114 e
    9   m 28 o
>>> 10   m 90 s
    11   m 11 o
    12   m 79 e

    12   m 79 e
    13   m 23 w
>>> 14   m 42 e
    15   m 116 n
    16   m 74 s


Turn 469
================================================================
warning: owned entities 142, 91 collided on cell (35, 47) as the result of moves on this turn
At command 5 of 12:
    3   m 23 s
    4   m 74 s
>>> 5   m 142 s
    6   m 99 n
    7   m 16 o

Other commands that placed an entity on this cell:
    6   m 99 n
    7   m 16 o
>>> 8   m 91 w
    9   m 114 e
    10   m 44 e

warning: owned entities 116, 23 collided on cell (35, 7) as the result of moves on this turn
At command 1 of 12:
>>> 1   m 116 w
    2   m 79 e
    3   m 23 s

Other commands that placed an entity on this cell:
    1   m 116 w
    2   m 79 e
>>> 3   m 23 s
    4   m 74 s
    5   m 142 s


Turn 470
================================================================
warning: owned entities 97, 44, 79, 114 collided on cell (35, 47) as the result of moves on this turn
At command 2 of 8:
    1   m 11 w
>>> 2   m 97 w
    3   m 44 n
    4   m 79 e

Other commands that placed an entity on this cell:
    1   m 11 w
    2   m 97 w
>>> 3   m 44 n
    4   m 79 e
    5   m 99 n

    2   m 97 w
    3   m 44 n
>>> 4   m 79 e
    5   m 99 n
    6   m 74 e

    5   m 99 n
    6   m 74 e
>>> 7   m 114 s
    8   m 16 n

