
Turn 465
================================================================
warning: owned entities 54, 47, 35, 9, 92 collided on cell (14, 28) as the result of moves on this turn
At command 4 of 26:
    2   m 5 n
    3   m 91 n
>>> 4   m 54 e
    5   m 47 n
    6   m 26 n

Other commands that placed an entity on this cell:
    3   m 91 n
    4   m 54 e
>>> 5   m 47 n
    6   m 26 n
    7   m 60 n

    11   m 33 e
    12   m 92 o
>>> 13   m 35 w
    14   m 9 s
    15   m 69 n

    12   m 92 o
    13   m 35 w
>>> 14   m 9 s
    15   m 69 n
    16   m 32 e


Turn 466
================================================================
warning: owned entities 49, 76, 64 collided on cell (14, 28) as the result of moves on this turn
At command 12 of 21:
    10   m 69 n
    11   m 32 e
>>> 12   m 49 s
    13   m 67 n
    14   m 76 n

Other commands that placed an entity on this cell:
    12   m 49 s
    13   m 67 n
>>> 14   m 76 n
    15   m 14 e
    16   m 58 e

    16   m 58 e
    17   m 24 n
>>> 18   m 64 e
    19   m 89 n
    20   m 15 n


Turn 467
================================================================
warning: owned entities 1, 32 collided on cell (14, 28) as the result of moves on this turn
At command 4 of 18:
    2   m 53 o
    3   m 31 s
>>> 4   m 1 n
    5   m 5 n
    6   m 73 s

Other commands that placed an entity on this cell:
    9   m 60 n
    10   m 69 n
>>> 11   m 32 e
    12   m 67 n
    13   m 14 e


Turn 468
================================================================
warning: owned entities 31, 69, 14, 58 collided on cell (14, 28) as the result of moves on this turn
At command 7 of 16:
    5   m 5 e
    6   m 91 e
>>> 7   m 31 s
    8   m 69 w
    9   m 67 n

Other commands that placed an entity on this cell:
    6   m 91 e
    7   m 31 s
>>> 8   m 69 w
    9   m 67 n
    10   m 14 n

    8   m 69 w
    9   m 67 n
>>> 10   m 14 n
    11   m 58 e
    12   m 24 e

    9   m 67 n
    10   m 14 n
>>> 11   m 58 e
    12   m 24 e
    13   m 89 n


Turn 469
================================================================
warning: owned entities 5, 33, 91 collided on cell (14, 28) as the result of moves on this turn
At command 1 of 12:
>>> 1   m 5 n
    2   m 33 s
    3   m 53 e

Other commands that placed an entity on this cell:
    1   m 5 n
>>> 2   m 33 s
    3   m 53 e
    4   m 60 n

    5   m 73 w
    6   m 67 n
>>> 7   m 91 e
    8   m 26 n
    9   m 29 e


Turn 470
================================================================
warning: owned entities 26, 89, 15, 73 collided on cell (14, 28) as the result of moves on this turn
At command 3 of 9:
    1   m 67 e
    2   m 29 e
>>> 3   m 26 n
    4   m 53 e
    5   m 89 w

Other commands that placed an entity on this cell:
    3   m 26 n
    4   m 53 e
>>> 5   m 89 w
    6   m 15 e
    7   m 60 n

    4   m 53 e
    5   m 89 w
>>> 6   m 15 e
    7   m 60 n
    8   m 73 s

    6   m 15 e
    7   m 60 n
>>> 8   m 73 s
    9   m 24 e


Turn 471
================================================================
warning: owned entities 29, 60, 53 collided on cell (14, 28) as the result of moves on this turn
At command 2 of 5:
    1   m 67 e
>>> 2   m 29 e
    3   m 60 w
    4   m 24 n

Other commands that placed an entity on this cell:
    1   m 67 e
    2   m 29 e
>>> 3   m 60 w
    4   m 24 n
    5   m 53 n

    3   m 60 w
    4   m 24 n
>>> 5   m 53 n


Turn 473
================================================================
warning: owned entities 24, 67 collided on cell (14, 28) as the result of moves on this turn
At command 2 of 2:
    1   m 67 o
>>> 2   m 24 w

