
Turn 394
================================================================
warning: owned entities 4, 38 collided on cell (23, 16) as the result of moves on this turn
At command 2 of 10:
    1   m 53 e
>>> 2   m 4 n
    3   m 37 w
    4   m 43 s

Other commands that placed an entity on this cell:
    4   m 43 s
    5   m 32 e
>>> 6   m 38 e
    7   m 2 s
    8   m 26 e


Turn 395
================================================================
warning: owned entities 32, 53, 40 collided on cell (15, 9) as the result of moves on this turn
At command 1 of 8:
>>> 1   m 32 e
    2   m 37 w
    3   m 43 w

Other commands that placed an entity on this cell:
    2   m 37 w
    3   m 43 w
>>> 4   m 53 n
    5   m 2 s
    6   m 40 o


Turn 396
================================================================
warning: owned entities 2, 71, 37 collided on cell (15, 9) as the result of moves on this turn
At command 1 of 5:
>>> 1   m 2 s
    2   m 43 w
    3   m 26 e

Other commands that placed an entity on this cell:
    2   m 43 w
    3   m 26 e
>>> 4   m 71 n
    5   m 37 w

    3   m 26 e
    4   m 71 n
>>> 5   m 37 w

