
Turn 413
================================================================
warning: entity 11 was directed to use 115 halite to move east, but only 19 halite was available
At command 5 of 10:
    3   m 88 n
    4   m 51 e
>>> 5   m 11 e
    6   m 43 e
    7   m 67 n


Turn 417
================================================================
warning: owned entities 89, 51 collided on cell (28, 20) as the result of moves on this turn
At command 5 of 10:
    3   m 51 o
    4   m 88 o
>>> 5   m 89 e
    6   m 76 e
    7   m 43 o


Turn 421
================================================================
warning: owned entities 67, 71, 76 collided on cell (28, 20) as the result of moves on this turn
At command 1 of 8:
>>> 1   m 67 s
    2   m 76 o
    3   m 42 e

Other commands that placed an entity on this cell:
    4   m 11 e
    5   m 43 w
>>> 6   m 71 e
    7   m 88 w
    8   m 54 e


Turn 422
================================================================
warning: owned entities 54, 11 collided on cell (28, 20) as the result of moves on this turn
At command 1 of 5:
>>> 1   m 54 n
    2   m 88 n
    3   m 43 o

Other commands that placed an entity on this cell:
    2   m 88 n
    3   m 43 o
>>> 4   m 11 e
    5   m 42 e


Turn 423
================================================================
warning: owned entities 88, 42 collided on cell (28, 20) as the result of moves on this turn
At command 1 of 3:
>>> 1   m 88 w
    2   m 42 e
    3   m 43 w

Other commands that placed an entity on this cell:
    1   m 88 w
>>> 2   m 42 e
    3   m 43 w

