
Turn 469
================================================================
warning: owned entities 45, 90, 13, 87 collided on cell (12, 8) as the result of moves on this turn
At command 1 of 21:
>>> 1   m 45 w
    2   m 3 s
    3   m 58 s

Other commands that placed an entity on this cell:
    6   m 56 s
    7   m 41 n
>>> 8   m 90 e
    9   m 101 w
    10   m 32 s

    9   m 101 w
    10   m 32 s
>>> 11   m 13 s
    12   m 87 n
    13   m 65 w

    10   m 32 s
    11   m 13 s
>>> 12   m 87 n
    13   m 65 w
    14   m 98 s


Turn 470
================================================================
warning: owned entities 81, 22 collided on cell (14, 28) as the result of moves on this turn
At command 14 of 17:
    12   m 52 n
    13   m 89 s
>>> 14   m 81 s
    15   m 7 o
    16   m 96 w

warning: owned entities 98, 56, 32, 52 collided on cell (12, 8) as the result of moves on this turn
At command 2 of 17:
    1   m 91 s
>>> 2   m 98 w
    3   m 3 s
    4   m 58 s

Other commands that placed an entity on this cell:
    5   m 9 n
    6   m 94 s
>>> 7   m 56 s
    8   m 41 n
    9   m 101 w

    8   m 41 n
    9   m 101 w
>>> 10   m 32 e
    11   m 65 o
    12   m 52 n

    10   m 32 e
    11   m 65 o
>>> 12   m 52 n
    13   m 89 s
    14   m 81 s


Turn 471
================================================================
warning: owned entities 58, 101, 96 collided on cell (12, 8) as the result of moves on this turn
At command 5 of 11:
    3   m 91 o
    4   m 41 n
>>> 5   m 58 e
    6   m 9 w
    7   m 101 w

Other commands that placed an entity on this cell:
    5   m 58 e
    6   m 9 w
>>> 7   m 101 w
    8   m 89 o
    9   m 96 s

    7   m 101 w
    8   m 89 o
>>> 9   m 96 s
    10   m 65 s
    11   m 7 s


Turn 472
================================================================
warning: owned entities 9, 65 collided on cell (12, 8) as the result of moves on this turn
At command 3 of 8:
    1   m 94 o
    2   m 3 s
>>> 3   m 9 w
    4   m 65 s
    5   m 41 n

Other commands that placed an entity on this cell:
    2   m 3 s
    3   m 9 w
>>> 4   m 65 s
    5   m 41 n
    6   m 7 s


Turn 473
================================================================
warning: owned entities 7, 89 collided on cell (12, 8) as the result of moves on this turn
At command 1 of 6:
>>> 1   m 7 s
    2   m 41 n
    3   m 3 w

Other commands that placed an entity on this cell:
    3   m 3 w
    4   m 91 w
>>> 5   m 89 w
    6   m 94 s


Turn 474
================================================================
warning: owned entities 91, 3, 94 collided on cell (12, 8) as the result of moves on this turn
At command 2 of 4:
    1   m 41 n
>>> 2   m 91 s
    3   m 3 w
    4   m 94 e

Other commands that placed an entity on this cell:
    1   m 41 n
    2   m 91 s
>>> 3   m 3 w
    4   m 94 e

    2   m 91 s
    3   m 3 w
>>> 4   m 94 e

