
Turn 394
================================================================
warning: owned entities 8, 23 collided on cell (23, 16) as the result of moves on this turn
At command 6 of 9:
    4   m 18 e
    5   m 34 e
>>> 6   m 8 e
    7   m 65 w
    8   m 60 w


Turn 395
================================================================
warning: owned entities 65, 46 collided on cell (31, 9) as the result of moves on this turn
At command 6 of 7:
    4   m 12 e
    5   m 46 o
>>> 6   m 65 w
    7   m 60 w


Turn 396
================================================================
warning: owned entities 34, 72, 12 collided on cell (23, 16) as the result of moves on this turn
At command 2 of 5:
    1   m 12 o
>>> 2   m 34 e
    3   m 60 w
    4   m 72 w

Other commands that placed an entity on this cell:
    2   m 34 e
    3   m 60 w
>>> 4   m 72 w
    5   m 18 w


Turn 398
================================================================
warning: owned entities 60, 18 collided on cell (23, 16) as the result of moves on this turn
At command 1 of 2:
>>> 1   m 60 w
    2   m 18 o

