
Turn 395
================================================================
warning: owned entities 3, 70, 76, 72 collided on cell (13, 26) as the result of moves on this turn
At command 5 of 9:
    3   m 41 s
    4   m 72 o
>>> 5   m 3 e
    6   m 70 w
    7   m 76 n

Other commands that placed an entity on this cell:
    4   m 72 o
    5   m 3 e
>>> 6   m 70 w
    7   m 76 n
    8   m 20 e

    5   m 3 e
    6   m 70 w
>>> 7   m 76 n
    8   m 20 e
    9   m 55 w


Turn 396
================================================================
warning: owned entities 41, 6 collided on cell (8, 16) as the result of moves on this turn
At command 3 of 5:
    1   m 55 s
    2   m 20 s
>>> 3   m 41 s
    4   m 6 o
    5   m 64 e


Turn 398
================================================================
warning: owned entities 55, 64 collided on cell (8, 16) as the result of moves on this turn
At command 1 of 3:
>>> 1   m 55 s
    2   m 64 o
    3   m 20 o

