
Turn 414
================================================================
warning: owned entities 13, 34 collided on cell (36, 9) as the result of moves on this turn
At command 9 of 44:
    7   m 35 w
    8   m 69 e
>>> 9   m 13 w
    10   m 49 s
    11   m 53 w

Other commands that placed an entity on this cell:
    11   m 53 w
    12   m 52 s
>>> 13   m 34 s
    14   m 31 w
    15   m 55 s


Turn 415
================================================================
warning: owned entities 63, 43, 4 collided on cell (36, 9) as the result of moves on this turn
At command 1 of 42:
>>> 1   m 63 s
    2   m 62 o
    3   m 44 s

Other commands that placed an entity on this cell:
    23   m 35 w
    24   m 59 e
>>> 25   m 43 n
    26   m 49 s
    27   m 60 e

    31   m 67 s
    32   m 31 w
>>> 33   m 4 w
    34   m 68 w
    35   m 38 e


Turn 416
================================================================
warning: owned entities 71, 57 collided on cell (28, 20) as the result of moves on this turn
At command 8 of 39:
    6   m 50 w
    7   m 53 w
>>> 8   m 71 n
    9   m 65 s
    10   m 15 s

Other commands that placed an entity on this cell:
    17   m 31 w
    18   m 24 w
>>> 19   m 57 w
    20   m 23 w
    21   m 2 e

warning: owned entities 65, 51, 49, 19 collided on cell (36, 9) as the result of moves on this turn
At command 9 of 39:
    7   m 53 w
    8   m 71 n
>>> 9   m 65 s
    10   m 15 s
    11   m 55 e

Other commands that placed an entity on this cell:
    14   m 68 w
    15   m 7 o
>>> 16   m 51 w
    17   m 31 w
    18   m 24 w

    22   m 35 o
    23   m 59 n
>>> 24   m 49 e
    25   m 64 w
    26   m 60 e

    26   m 60 e
    27   m 70 w
>>> 28   m 19 n
    29   m 52 w
    30   m 67 s


Turn 417
================================================================
warning: owned entities 24, 56, 38, 61 collided on cell (36, 9) as the result of moves on this turn
At command 2 of 33:
    1   m 23 s
>>> 2   m 24 w
    3   m 31 w
    4   m 2 e

Other commands that placed an entity on this cell:
    9   m 15 s
    10   m 55 e
>>> 11   m 56 n
    12   m 42 w
    13   m 69 w

    12   m 42 w
    13   m 69 w
>>> 14   m 38 e
    15   m 0 w
    16   m 59 e

    26   m 48 n
    27   m 11 w
>>> 28   m 61 s
    29   m 41 o
    30   m 47 n

warning: owned entities 68, 42, 59, 62 collided on cell (28, 20) as the result of moves on this turn
At command 8 of 33:
    6   m 64 w
    7   m 44 w
>>> 8   m 68 s
    9   m 15 s
    10   m 55 e

Other commands that placed an entity on this cell:
    10   m 55 e
    11   m 56 n
>>> 12   m 42 w
    13   m 69 w
    14   m 38 e

    14   m 38 e
    15   m 0 w
>>> 16   m 59 e
    17   m 50 w
    18   m 53 w

    23   m 66 o
    24   m 37 o
>>> 25   m 62 n
    26   m 48 n
    27   m 11 w

warning: owned entities 50, 70, 41 collided on cell (22, 5) as the result of moves on this turn
At command 17 of 33:
    15   m 0 w
    16   m 59 e
>>> 17   m 50 w
    18   m 53 w
    19   m 60 e

Other commands that placed an entity on this cell:
    18   m 53 w
    19   m 60 e
>>> 20   m 70 s
    21   m 52 s
    22   m 67 s


Turn 418
================================================================
warning: owned entities 47, 44, 64, 11 collided on cell (36, 9) as the result of moves on this turn
At command 10 of 22:
    8   m 7 e
    9   m 55 e
>>> 10   m 47 e
    11   m 15 s
    12   m 35 n

Other commands that placed an entity on this cell:
    11   m 15 s
    12   m 35 n
>>> 13   m 44 s
    14   m 23 s
    15   m 31 s

    16   m 33 s
    17   m 2 o
>>> 18   m 64 w
    19   m 11 n
    20   m 54 n

    17   m 2 o
    18   m 64 w
>>> 19   m 11 n
    20   m 54 n
    21   m 66 n

warning: owned entities 48, 53, 35, 31 collided on cell (28, 20) as the result of moves on this turn
At command 3 of 22:
    1   m 60 e
    2   m 67 e
>>> 3   m 48 e
    4   m 53 w
    5   m 69 w

Other commands that placed an entity on this cell:
    2   m 67 e
    3   m 48 e
>>> 4   m 53 w
    5   m 69 w
    6   m 52 s

    10   m 47 e
    11   m 15 s
>>> 12   m 35 n
    13   m 44 s
    14   m 23 s

    13   m 44 s
    14   m 23 s
>>> 15   m 31 s
    16   m 33 s
    17   m 2 o


Turn 419
================================================================
warning: owned entities 69, 66, 15, 23 collided on cell (36, 9) as the result of moves on this turn
At command 4 of 14:
    2   m 52 e
    3   m 67 n
>>> 4   m 69 w
    5   m 66 n
    6   m 60 o

Other commands that placed an entity on this cell:
    3   m 67 n
    4   m 69 w
>>> 5   m 66 n
    6   m 60 o
    7   m 7 e

    8   m 55 n
    9   m 37 s
>>> 10   m 15 e
    11   m 23 s
    12   m 33 e

    9   m 37 s
    10   m 15 e
>>> 11   m 23 s
    12   m 33 e
    13   m 54 e

warning: owned entities 0, 52, 55, 37 collided on cell (28, 20) as the result of moves on this turn
At command 1 of 14:
>>> 1   m 0 w
    2   m 52 e
    3   m 67 n

Other commands that placed an entity on this cell:
    1   m 0 w
>>> 2   m 52 e
    3   m 67 n
    4   m 69 w

    6   m 60 o
    7   m 7 e
>>> 8   m 55 n
    9   m 37 s
    10   m 15 e

    7   m 7 e
    8   m 55 n
>>> 9   m 37 s
    10   m 15 e
    11   m 23 s


Turn 420
================================================================
warning: owned entities 54, 2 collided on cell (28, 20) as the result of moves on this turn
At command 3 of 6:
    1   m 33 s
    2   m 7 o
>>> 3   m 54 e
    4   m 67 e
    5   m 2 n

Other commands that placed an entity on this cell:
    3   m 54 e
    4   m 67 e
>>> 5   m 2 n
    6   m 60 o

warning: owned entities 33, 67 collided on cell (36, 9) as the result of moves on this turn
At command 1 of 6:
>>> 1   m 33 s
    2   m 7 o
    3   m 54 e

Other commands that placed an entity on this cell:
    2   m 7 o
    3   m 54 e
>>> 4   m 67 e
    5   m 2 n
    6   m 60 o

