
Turn 485
================================================================
warning: entity 144 was directed to use 1 halite to move west, but only 0 halite was available
At command 17 of 36:
    15   m 141 n
    16   m 183 w
>>> 17   m 144 w
    18   m 265 o
    19   m 150 n


Turn 489
================================================================
warning: owned entities 183, 262 collided on cell (47, 50) as the result of moves on this turn
At command 7 of 34:
    5   m 262 o
    6   m 181 e
>>> 7   m 183 w
    8   m 87 n
    9   m 150 o


Turn 490
================================================================
warning: owned entities 278, 180, 84 collided on cell (39, 40) as the result of moves on this turn
At command 16 of 34:
    14   m 290 e
    15   m 221 s
>>> 16   m 278 n
    17   m 125 e
    18   m 292 e

Other commands that placed an entity on this cell:
    18   m 292 e
    19   m 87 n
>>> 20   m 180 e
    21   m 27 e
    22   m 109 n


Turn 491
================================================================
warning: owned entities 228, 141, 109 collided on cell (47, 50) as the result of moves on this turn
At command 9 of 31:
    7   m 109 o
    8   m 265 e
>>> 9   m 228 s
    10   m 231 s
    11   m 64 e

Other commands that placed an entity on this cell:
    10   m 231 s
    11   m 64 e
>>> 12   m 141 n
    13   m 273 n
    14   m 27 e

warning: owned entities 181, 125 collided on cell (39, 40) as the result of moves on this turn
At command 20 of 31:
    18   m 22 n
    19   m 127 s
>>> 20   m 181 n
    21   m 290 e
    22   m 242 e

Other commands that placed an entity on this cell:
    22   m 242 e
    23   m 221 e
>>> 24   m 125 e
    25   m 292 e
    26   m 144 w


Turn 492
================================================================
warning: owned entities 243, 273 collided on cell (39, 40) as the result of moves on this turn
At command 9 of 26:
    7   m 264 o
    8   m 27 e
>>> 9   m 243 e
    10   m 221 e
    11   m 213 n

Other commands that placed an entity on this cell:
    19   m 266 w
    20   m 22 n
>>> 21   m 273 n
    22   m 87 n
    23   m 184 o


Turn 493
================================================================
warning: owned entities 266, 22, 130 collided on cell (53, 41) as the result of moves on this turn
At command 7 of 24:
    5   m 290 o
    6   m 87 n
>>> 7   m 266 w
    8   m 144 w
    9   m 27 e

Other commands that placed an entity on this cell:
    10   m 296 w
    11   m 221 e
>>> 12   m 22 n
    13   m 213 n
    14   m 219 w

    21   m 64 n
    22   m 184 e
>>> 23   m 130 e
    24   m 297 s

warning: owned entities 221, 150 collided on cell (47, 50) as the result of moves on this turn
At command 11 of 24:
    9   m 27 e
    10   m 296 w
>>> 11   m 221 e
    12   m 22 n
    13   m 213 n


Turn 494
================================================================
warning: owned entities 219, 127, 144 collided on cell (47, 50) as the result of moves on this turn
At command 6 of 19:
    4   m 276 o
    5   m 265 o
>>> 6   m 219 n
    7   m 296 o
    8   m 27 n

Other commands that placed an entity on this cell:
    10   m 242 e
    11   m 87 n
>>> 12   m 127 e
    13   m 144 w
    14   m 74 w

    11   m 87 n
    12   m 127 e
>>> 13   m 144 w
    14   m 74 w
    15   m 64 n

warning: owned entities 242, 64, 231, 276 collided on cell (39, 40) as the result of moves on this turn
At command 10 of 19:
    8   m 27 n
    9   m 137 w
>>> 10   m 242 e
    11   m 87 n
    12   m 127 e

Other commands that placed an entity on this cell:
    13   m 144 w
    14   m 74 w
>>> 15   m 64 n
    16   m 231 w
    17   m 184 e

    14   m 74 w
    15   m 64 n
>>> 16   m 231 w
    17   m 184 e
    18   m 297 e


Turn 495
================================================================
warning: owned entities 184, 264 collided on cell (47, 50) as the result of moves on this turn
At command 2 of 12:
    1   m 297 n
>>> 2   m 184 n
    3   m 87 n
    4   m 290 e

Other commands that placed an entity on this cell:
    8   m 137 o
    9   m 74 o
>>> 10   m 264 e
    11   m 265 o
    12   m 296 w

warning: owned entities 87, 213, 137 collided on cell (53, 41) as the result of moves on this turn
At command 3 of 12:
    1   m 297 n
    2   m 184 n
>>> 3   m 87 n
    4   m 290 e
    5   m 213 w

Other commands that placed an entity on this cell:
    3   m 87 n
    4   m 290 e
>>> 5   m 213 w
    6   m 292 e
    7   m 27 n

warning: owned entities 290, 27 collided on cell (39, 40) as the result of moves on this turn
At command 4 of 12:
    2   m 184 n
    3   m 87 n
>>> 4   m 290 e
    5   m 213 w
    6   m 292 e

Other commands that placed an entity on this cell:
    5   m 213 w
    6   m 292 e
>>> 7   m 27 n
    8   m 137 o
    9   m 74 o


Turn 496
================================================================
warning: owned entities 296, 292, 297 collided on cell (47, 50) as the result of moves on this turn
At command 1 of 5:
>>> 1   m 296 w
    2   m 292 e
    3   m 297 n

Other commands that placed an entity on this cell:
    1   m 296 w
>>> 2   m 292 e
    3   m 297 n
    4   m 74 o

    1   m 296 w
    2   m 292 e
>>> 3   m 297 n
    4   m 74 o
    5   m 265 o

