
Turn 459
================================================================
warning: owned entities 16, 71 collided on cell (17, 48) as the result of moves on this turn
At command 18 of 88:
    16   m 40 w
    17   m 61 e
>>> 18   m 16 w
    19   m 19 e
    20   m 34 w

Other commands that placed an entity on this cell:
    58   m 78 n
    59   m 74 w
>>> 60   m 71 n
    61   m 62 e
    62   m 30 w


Turn 460
================================================================
warning: owned entities 81, 2 collided on cell (17, 48) as the result of moves on this turn
At command 53 of 81:
    51   m 13 n
    52   m 62 e
>>> 53   m 81 n
    54   m 68 e
    55   m 78 o

Other commands that placed an entity on this cell:
    65   m 90 w
    66   m 48 n
>>> 67   m 2 w
    68   m 18 e
    69   m 17 o


Turn 461
================================================================
warning: owned entities 79, 76, 4, 67 collided on cell (52, 52) as the result of moves on this turn
At command 16 of 82:
    14   m 29 w
    15   m 65 s
>>> 16   m 79 e
    17   m 15 o
    18   m 86 s

Other commands that placed an entity on this cell:
    26   m 40 w
    27   m 32 e
>>> 28   m 76 w
    29   m 72 w
    30   m 94 w

    39   m 25 e
    40   m 91 w
>>> 41   m 4 n
    42   m 19 n
    43   m 41 s

warning: owned entities 30, 86, 60 collided on cell (17, 48) as the result of moves on this turn
At command 8 of 82:
    6   m 0 s
    7   m 87 o
>>> 8   m 30 w
    9   m 84 e
    10   m 96 w

Other commands that placed an entity on this cell:
    16   m 79 e
    17   m 15 o
>>> 18   m 86 s
    19   m 46 w
    20   m 95 s

    49   m 80 e
    50   m 20 e
>>> 51   m 60 n
    52   m 12 n
    53   m 61 n

warning: owned entities 85, 40 collided on cell (41, 28) as the result of moves on this turn
At command 4 of 82:
    2   m 31 n
    3   m 67 o
>>> 4   m 85 e
    5   m 10 e
    6   m 0 s

Other commands that placed an entity on this cell:
    24   m 98 n
    25   m 49 w
>>> 26   m 40 w
    27   m 32 e
    28   m 76 w


Turn 462
================================================================
warning: owned entities 49, 66 collided on cell (0, 40) as the result of moves on this turn
At command 14 of 68:
    12   m 34 w
    13   m 32 s
>>> 14   m 49 w
    15   m 68 e
    16   m 39 o

warning: owned entities 19, 22 collided on cell (17, 48) as the result of moves on this turn
At command 7 of 68:
    5   m 65 w
    6   m 27 n
>>> 7   m 19 w
    8   m 91 w
    9   m 8 e

Other commands that placed an entity on this cell:
    41   m 70 w
    42   m 13 w
>>> 43   m 22 s
    44   m 62 n
    45   m 83 o

warning: owned entities 8, 47, 75 collided on cell (52, 52) as the result of moves on this turn
At command 9 of 68:
    7   m 19 w
    8   m 91 w
>>> 9   m 8 e
    10   m 38 o
    11   m 90 n

Other commands that placed an entity on this cell:
    45   m 83 o
    46   m 28 o
>>> 47   m 47 n
    48   m 82 o
    49   m 73 s

    48   m 82 o
    49   m 73 s
>>> 50   m 75 w
    51   m 57 n
    52   m 43 n

warning: owned entities 89, 44 collided on cell (40, 45) as the result of moves on this turn
At command 4 of 68:
    2   m 92 s
    3   m 93 w
>>> 4   m 89 e
    5   m 65 w
    6   m 27 n

warning: owned entities 93, 90, 25 collided on cell (41, 28) as the result of moves on this turn
At command 3 of 68:
    1   m 55 n
    2   m 92 s
>>> 3   m 93 w
    4   m 89 e
    5   m 65 w

Other commands that placed an entity on this cell:
    9   m 8 e
    10   m 38 o
>>> 11   m 90 n
    12   m 34 w
    13   m 32 s

    19   m 10 e
    20   m 24 w
>>> 21   m 25 e
    22   m 0 s
    23   m 26 o


Turn 463
================================================================
warning: owned entities 80, 84, 34, 74 collided on cell (52, 52) as the result of moves on this turn
At command 2 of 59:
    1   m 62 w
>>> 2   m 80 n
    3   m 11 s
    4   m 96 w

Other commands that placed an entity on this cell:
    11   m 94 s
    12   m 13 o
>>> 13   m 84 e
    14   m 41 e
    15   m 31 n

    19   m 24 w
    20   m 27 n
>>> 21   m 34 s
    22   m 52 n
    23   m 37 e

    35   m 87 n
    36   m 99 o
>>> 37   m 74 w
    38   m 15 n
    39   m 6 o

warning: owned entities 70, 98, 46 collided on cell (0, 40) as the result of moves on this turn
At command 6 of 59:
    4   m 96 w
    5   m 10 e
>>> 6   m 70 s
    7   m 61 n
    8   m 20 s

Other commands that placed an entity on this cell:
    8   m 20 s
    9   m 95 s
>>> 10   m 98 e
    11   m 94 s
    12   m 13 o

    24   m 55 w
    25   m 88 e
>>> 26   m 46 w
    27   m 91 w
    28   m 64 o

warning: owned entities 20, 27, 55 collided on cell (17, 48) as the result of moves on this turn
At command 8 of 59:
    6   m 70 s
    7   m 61 n
>>> 8   m 20 s
    9   m 95 s
    10   m 98 e

Other commands that placed an entity on this cell:
    18   m 78 e
    19   m 24 w
>>> 20   m 27 n
    21   m 34 s
    22   m 52 n

    22   m 52 n
    23   m 37 e
>>> 24   m 55 w
    25   m 88 e
    26   m 46 w

warning: owned entities 96, 94 collided on cell (41, 28) as the result of moves on this turn
At command 4 of 59:
    2   m 80 n
    3   m 11 s
>>> 4   m 96 w
    5   m 10 e
    6   m 70 s

Other commands that placed an entity on this cell:
    9   m 95 s
    10   m 98 e
>>> 11   m 94 s
    12   m 13 o
    13   m 84 e

warning: owned entities 18, 59 collided on cell (19, 46) as the result of moves on this turn
At command 50 of 59:
    48   m 29 e
    49   m 12 w
>>> 50   m 18 s
    51   m 83 e
    52   m 28 n


Turn 464
================================================================
warning: owned entities 37, 62, 73 collided on cell (17, 48) as the result of moves on this turn
At command 15 of 45:
    13   m 91 w
    14   m 88 e
>>> 15   m 37 s
    16   m 62 n
    17   m 10 o

Other commands that placed an entity on this cell:
    14   m 88 e
    15   m 37 s
>>> 16   m 62 n
    17   m 10 o
    18   m 28 n

    26   m 58 s
    27   m 95 w
>>> 28   m 73 e
    29   m 52 o
    30   m 82 n


Turn 465
================================================================
warning: owned entities 53, 15 collided on cell (17, 48) as the result of moves on this turn
At command 5 of 42:
    3   m 17 e
    4   m 24 s
>>> 5   m 53 s
    6   m 91 w
    7   m 15 n

Other commands that placed an entity on this cell:
    5   m 53 s
    6   m 91 w
>>> 7   m 15 n
    8   m 58 e
    9   m 29 s

warning: owned entities 92, 95 collided on cell (41, 28) as the result of moves on this turn
At command 12 of 42:
    10   m 21 n
    11   m 78 e
>>> 12   m 92 e
    13   m 51 s
    14   m 38 w

warning: owned entities 78, 10 collided on cell (40, 45) as the result of moves on this turn
At command 11 of 42:
    9   m 29 s
    10   m 21 n
>>> 11   m 78 e
    12   m 92 e
    13   m 51 s


Turn 466
================================================================
warning: owned entities 38, 69 collided on cell (17, 48) as the result of moves on this turn
At command 4 of 37:
    2   m 6 e
    3   m 51 e
>>> 4   m 38 n
    5   m 31 w
    6   m 21 w

Other commands that placed an entity on this cell:
    7   m 29 s
    8   m 72 o
>>> 9   m 69 s
    10   m 68 e
    11   m 24 e

warning: owned entities 24, 0 collided on cell (52, 52) as the result of moves on this turn
At command 11 of 37:
    9   m 69 s
    10   m 68 e
>>> 11   m 24 e
    12   m 28 o
    13   m 91 n


Turn 468
================================================================
warning: owned entities 82, 77, 48 collided on cell (17, 48) as the result of moves on this turn
At command 6 of 36:
    4   m 31 s
    5   m 51 e
>>> 6   m 82 n
    7   m 28 w
    8   m 64 n

Other commands that placed an entity on this cell:
    18   m 43 e
    19   m 83 n
>>> 20   m 77 w
    21   m 99 e
    22   m 68 n


Turn 469
================================================================
warning: owned entities 91, 13, 6 collided on cell (17, 48) as the result of moves on this turn
At command 3 of 33:
    1   m 12 n
    2   m 97 n
>>> 3   m 91 n
    4   m 33 s
    5   m 58 e

Other commands that placed an entity on this cell:
    5   m 58 e
    6   m 68 n
>>> 7   m 13 s
    8   m 61 o
    9   m 6 w

    7   m 13 s
    8   m 61 o
>>> 9   m 6 w
    10   m 36 o
    11   m 64 o


Turn 470
================================================================
warning: owned entities 31, 17, 57 collided on cell (17, 48) as the result of moves on this turn
At command 3 of 30:
    1   m 43 s
    2   m 72 e
>>> 3   m 31 w
    4   m 21 e
    5   m 68 n

Other commands that placed an entity on this cell:
    8   m 32 w
    9   m 97 o
>>> 10   m 17 s
    11   m 26 s
    12   m 39 n

    20   m 11 s
    21   m 87 s
>>> 22   m 57 e
    23   m 52 o
    24   m 65 e


Turn 471
================================================================
warning: owned entities 41, 64 collided on cell (17, 48) as the result of moves on this turn
At command 2 of 27:
    1   m 88 n
>>> 2   m 41 s
    3   m 39 n
    4   m 51 n

Other commands that placed an entity on this cell:
    19   m 11 o
    20   m 87 w
>>> 21   m 64 w
    22   m 65 o
    23   m 36 n


Turn 472
================================================================
warning: owned entities 61, 99 collided on cell (17, 48) as the result of moves on this turn
At command 3 of 25:
    1   m 87 n
    2   m 51 o
>>> 3   m 61 s
    4   m 58 n
    5   m 54 n

Other commands that placed an entity on this cell:
    9   m 12 n
    10   m 33 e
>>> 11   m 99 e
    12   m 88 e
    13   m 39 w


Turn 473
================================================================
warning: owned entities 72, 29, 28, 65 collided on cell (17, 48) as the result of moves on this turn
At command 1 of 23:
>>> 1   m 72 s
    2   m 88 n
    3   m 52 s

Other commands that placed an entity on this cell:
    3   m 52 s
    4   m 97 s
>>> 5   m 29 n
    6   m 83 o
    7   m 39 o

    6   m 83 o
    7   m 39 o
>>> 8   m 28 w
    9   m 50 s
    10   m 33 e

    17   m 68 o
    18   m 11 s
>>> 19   m 65 e
    20   m 51 n
    21   m 26 w


Turn 474
================================================================
warning: owned entities 52, 43, 51, 36 collided on cell (17, 48) as the result of moves on this turn
At command 5 of 19:
    3   m 26 o
    4   m 97 o
>>> 5   m 52 w
    6   m 11 e
    7   m 88 o

Other commands that placed an entity on this cell:
    9   m 54 e
    10   m 12 e
>>> 11   m 43 s
    12   m 87 e
    13   m 51 n

    11   m 43 s
    12   m 87 e
>>> 13   m 51 n
    14   m 32 s
    15   m 36 e

    13   m 51 n
    14   m 32 s
>>> 15   m 36 e
    16   m 83 e
    17   m 39 o


Turn 475
================================================================
warning: owned entities 33, 50, 21, 68 collided on cell (17, 48) as the result of moves on this turn
At command 3 of 15:
    1   m 12 o
    2   m 54 e
>>> 3   m 33 n
    4   m 87 o
    5   m 11 n

Other commands that placed an entity on this cell:
    4   m 87 o
    5   m 11 n
>>> 6   m 50 s
    7   m 32 s
    8   m 83 s

    7   m 32 s
    8   m 83 s
>>> 9   m 21 e
    10   m 68 w
    11   m 26 s

    8   m 83 s
    9   m 21 e
>>> 10   m 68 w
    11   m 26 s
    12   m 97 s

