
Turn 467
================================================================
warning: owned entities 92, 30 collided on cell (14, 28) as the result of moves on this turn
At command 3 of 7:
    1   m 60 s
    2   m 12 e
>>> 3   m 92 e
    4   m 30 w
    5   m 62 s

Other commands that placed an entity on this cell:
    2   m 12 e
    3   m 92 e
>>> 4   m 30 w
    5   m 62 s
    6   m 35 n


Turn 470
================================================================
warning: owned entities 60, 12 collided on cell (14, 28) as the result of moves on this turn
At command 2 of 5:
    1   m 35 w
>>> 2   m 60 s
    3   m 62 e
    4   m 12 o


Turn 471
================================================================
warning: owned entities 35, 62 collided on cell (14, 28) as the result of moves on this turn
At command 1 of 3:
>>> 1   m 35 w
    2   m 68 s
    3   m 62 e

Other commands that placed an entity on this cell:
    1   m 35 w
    2   m 68 s
>>> 3   m 62 e

