
Turn 393
================================================================
warning: owned entities 49, 31, 45, 32, 4 collided on cell (23, 16) as the result of moves on this turn
At command 3 of 9:
    1   m 4 o
    2   m 15 s
>>> 3   m 49 s
    4   m 31 w
    5   m 45 n

Other commands that placed an entity on this cell:
    2   m 15 s
    3   m 49 s
>>> 4   m 31 w
    5   m 45 n
    6   m 32 e

    3   m 49 s
    4   m 31 w
>>> 5   m 45 n
    6   m 32 e
    7   m 29 s

    4   m 31 w
    5   m 45 n
>>> 6   m 32 e
    7   m 29 s
    8   m 27 o


Turn 397
================================================================
warning: owned entities 29, 27, 15 collided on cell (23, 16) as the result of moves on this turn
At command 1 of 4:
>>> 1   m 29 w
    2   m 27 s
    3   m 40 e

Other commands that placed an entity on this cell:
    1   m 29 w
>>> 2   m 27 s
    3   m 40 e
    4   m 15 o

