
Turn 443
================================================================
warning: owned entities 4, 39, 41 collided on cell (32, 5) as the result of moves on this turn
At command 9 of 20:
    7   m 112 o
    8   m 111 o
>>> 9   m 4 s
    10   m 41 o
    11   m 103 e

Other commands that placed an entity on this cell:
    12   m 95 e
    13   m 113 e
>>> 14   m 39 n
    15   m 63 w
    16   m 100 e

warning: owned entities 95, 112 collided on cell (35, 24) as the result of moves on this turn
At command 12 of 20:
    10   m 41 o
    11   m 103 e
>>> 12   m 95 e
    13   m 113 e
    14   m 39 n

warning: owned entities 109, 19 collided on cell (44, 16) as the result of moves on this turn
At command 19 of 20:
    17   m 67 e
    18   m 19 o
>>> 19   m 109 w
    20   m 72 n


Turn 444
================================================================
warning: owned entities 72, 113, 86, 63 collided on cell (32, 5) as the result of moves on this turn
At command 1 of 13:
>>> 1   m 72 n
    2   m 81 e
    3   m 67 o

Other commands that placed an entity on this cell:
    2   m 81 e
    3   m 67 o
>>> 4   m 113 s
    5   m 71 e
    6   m 103 o

    6   m 103 o
    7   m 36 w
>>> 8   m 86 e
    9   m 100 e
    10   m 63 w

    8   m 86 e
    9   m 100 e
>>> 10   m 63 w
    11   m 90 o
    12   m 83 e


Turn 445
================================================================
warning: owned entities 36, 71, 81, 111 collided on cell (32, 5) as the result of moves on this turn
At command 1 of 9:
>>> 1   m 36 w
    2   m 83 e
    3   m 71 s

Other commands that placed an entity on this cell:
    1   m 36 w
    2   m 83 e
>>> 3   m 71 s
    4   m 100 e
    5   m 81 e

    3   m 71 s
    4   m 100 e
>>> 5   m 81 e
    6   m 111 n
    7   m 67 n

    4   m 100 e
    5   m 81 e
>>> 6   m 111 n
    7   m 67 n
    8   m 103 s


Turn 446
================================================================
warning: owned entities 90, 100 collided on cell (44, 16) as the result of moves on this turn
At command 5 of 5:
    3   m 67 n
    4   m 83 e
>>> 5   m 90 s

warning: owned entities 67, 83 collided on cell (32, 5) as the result of moves on this turn
At command 3 of 5:
    1   m 103 e
    2   m 100 o
>>> 3   m 67 n
    4   m 83 e
    5   m 90 s

Other commands that placed an entity on this cell:
    2   m 100 o
    3   m 67 n
>>> 4   m 83 e
    5   m 90 s

