
Turn 441
================================================================
warning: owned entities 74, 46 collided on cell (9, 11) as the result of moves on this turn
At command 13 of 18:
    11   m 8 s
    12   m 87 n
>>> 13   m 74 w
    14   m 54 o
    15   m 9 w


Turn 442
================================================================
warning: owned entities 36, 63 collided on cell (12, 24) as the result of moves on this turn
At command 3 of 16:
    1   m 47 n
    2   m 72 o
>>> 3   m 36 n
    4   m 70 s
    5   m 55 w

Other commands that placed an entity on this cell:
    5   m 55 w
    6   m 37 w
>>> 7   m 63 e
    8   m 45 s
    9   m 48 s


Turn 443
================================================================
warning: owned entities 87, 69 collided on cell (12, 24) as the result of moves on this turn
At command 1 of 14:
>>> 1   m 87 e
    2   m 8 e
    3   m 69 n

Other commands that placed an entity on this cell:
    1   m 87 e
    2   m 8 e
>>> 3   m 69 n
    4   m 45 o
    5   m 48 s

warning: owned entities 8, 54, 45 collided on cell (9, 11) as the result of moves on this turn
At command 2 of 14:
    1   m 87 e
>>> 2   m 8 e
    3   m 69 n
    4   m 45 o

Other commands that placed an entity on this cell:
    11   m 75 w
    12   m 73 n
>>> 13   m 54 s
    14   m 72 w


Turn 444
================================================================
warning: owned entities 9, 37 collided on cell (9, 11) as the result of moves on this turn
At command 2 of 9:
    1   m 73 n
>>> 2   m 9 w
    3   m 70 w
    4   m 47 o

Other commands that placed an entity on this cell:
    5   m 48 s
    6   m 55 s
>>> 7   m 37 s
    8   m 75 w
    9   m 72 w


Turn 445
================================================================
warning: owned entities 70, 75 collided on cell (9, 11) as the result of moves on this turn
At command 2 of 7:
    1   m 73 o
>>> 2   m 70 s
    3   m 72 w
    4   m 48 s

Other commands that placed an entity on this cell:
    4   m 48 s
    5   m 55 w
>>> 6   m 75 w
    7   m 47 n


Turn 446
================================================================
warning: owned entities 72, 48 collided on cell (9, 11) as the result of moves on this turn
At command 3 of 5:
    1   m 55 w
    2   m 47 n
>>> 3   m 72 w
    4   m 48 s
    5   m 73 o

Other commands that placed an entity on this cell:
    2   m 47 n
    3   m 72 w
>>> 4   m 48 s
    5   m 73 o


Turn 447
================================================================
warning: owned entities 55, 47 collided on cell (9, 11) as the result of moves on this turn
At command 1 of 3:
>>> 1   m 55 w
    2   m 47 n
    3   m 73 o

Other commands that placed an entity on this cell:
    1   m 55 w
>>> 2   m 47 n
    3   m 73 o

