
Turn 440
================================================================
warning: owned entities 36, 4 collided on cell (29, 5) as the result of moves on this turn
At command 8 of 35:
    6   m 44 n
    7   m 45 n
>>> 8   m 36 s
    9   m 72 e
    10   m 56 w

Other commands that placed an entity on this cell:
    32   m 13 w
    33   m 7 o
>>> 34   m 4 w
    35   m 83 e

warning: owned entities 65, 81 collided on cell (35, 24) as the result of moves on this turn
At command 27 of 35:
    25   m 20 w
    26   m 24 e
>>> 27   m 65 w
    28   m 62 n
    29   m 28 n


Turn 441
================================================================
warning: owned entities 45, 28 collided on cell (24, 17) as the result of moves on this turn
At command 15 of 31:
    13   m 68 e
    14   m 75 e
>>> 15   m 45 e
    16   m 31 e
    17   m 43 e

Other commands that placed an entity on this cell:
    17   m 43 e
    18   m 79 w
>>> 19   m 28 w
    20   m 82 e
    21   m 84 n


Turn 442
================================================================
warning: owned entities 68, 70, 67 collided on cell (29, 5) as the result of moves on this turn
At command 13 of 29:
    11   m 15 n
    12   m 59 o
>>> 13   m 68 s
    14   m 75 e
    15   m 72 e

Other commands that placed an entity on this cell:
    17   m 76 o
    18   m 51 e
>>> 19   m 70 e
    20   m 71 o
    21   m 56 w

warning: owned entities 15, 31, 71 collided on cell (35, 24) as the result of moves on this turn
At command 11 of 29:
    9   m 24 e
    10   m 78 o
>>> 11   m 15 n
    12   m 59 o
    13   m 68 s

Other commands that placed an entity on this cell:
    20   m 71 o
    21   m 56 w
>>> 22   m 31 e
    23   m 26 n
    24   m 43 e


Turn 443
================================================================
warning: owned entities 26, 43, 60, 21 collided on cell (29, 5) as the result of moves on this turn
At command 1 of 23:
>>> 1   m 26 w
    2   m 72 e
    3   m 56 w

Other commands that placed an entity on this cell:
    2   m 72 e
    3   m 56 w
>>> 4   m 43 e
    5   m 24 e
    6   m 83 w

    12   m 7 o
    13   m 44 w
>>> 14   m 60 n
    15   m 82 e
    16   m 62 o

    18   m 20 w
    19   m 41 e
>>> 20   m 21 s
    21   m 78 s
    22   m 59 e

warning: owned entities 56, 51 collided on cell (35, 24) as the result of moves on this turn
At command 3 of 23:
    1   m 26 w
    2   m 72 e
>>> 3   m 56 w
    4   m 43 e
    5   m 24 e

Other commands that placed an entity on this cell:
    7   m 84 e
    8   m 13 w
>>> 9   m 51 e
    10   m 80 w
    11   m 75 e


Turn 444
================================================================
warning: owned entities 79, 78, 84 collided on cell (29, 5) as the result of moves on this turn
At command 3 of 17:
    1   m 59 o
    2   m 41 o
>>> 3   m 79 w
    4   m 44 s
    5   m 75 e

Other commands that placed an entity on this cell:
    5   m 75 e
    6   m 80 w
>>> 7   m 78 e
    8   m 13 n
    9   m 82 s

    12   m 83 w
    13   m 24 s
>>> 14   m 84 n
    15   m 76 w
    16   m 7 n

warning: owned entities 80, 13, 62 collided on cell (24, 17) as the result of moves on this turn
At command 6 of 17:
    4   m 44 s
    5   m 75 e
>>> 6   m 80 w
    7   m 78 e
    8   m 13 n

Other commands that placed an entity on this cell:
    6   m 80 w
    7   m 78 e
>>> 8   m 13 n
    9   m 82 s
    10   m 72 e


Turn 445
================================================================
warning: owned entities 72, 82, 24, 7 collided on cell (29, 5) as the result of moves on this turn
At command 1 of 11:
>>> 1   m 72 n
    2   m 82 s
    3   m 44 w

Other commands that placed an entity on this cell:
    1   m 72 n
>>> 2   m 82 s
    3   m 44 w
    4   m 75 e

    5   m 20 o
    6   m 83 w
>>> 7   m 24 e
    8   m 76 o
    9   m 7 w

    7   m 24 e
    8   m 76 o
>>> 9   m 7 w
    10   m 59 w
    11   m 41 e

warning: owned entities 83, 20 collided on cell (35, 24) as the result of moves on this turn
At command 6 of 11:
    4   m 75 e
    5   m 20 o
>>> 6   m 83 w
    7   m 24 e
    8   m 76 o


Turn 446
================================================================
warning: owned entities 59, 44 collided on cell (24, 17) as the result of moves on this turn
At command 1 of 5:
>>> 1   m 59 w
    2   m 75 s
    3   m 41 e

warning: owned entities 75, 41 collided on cell (29, 5) as the result of moves on this turn
At command 2 of 5:
    1   m 59 w
>>> 2   m 75 s
    3   m 41 e
    4   m 44 o

Other commands that placed an entity on this cell:
    1   m 59 w
    2   m 75 s
>>> 3   m 41 e
    4   m 44 o
    5   m 76 w

