
Turn 439
================================================================
warning: owned entities 42, 93, 49, 57 collided on cell (35, 24) as the result of moves on this turn
At command 1 of 16:
>>> 1   m 42 e
    2   m 65 s
    3   m 56 s

Other commands that placed an entity on this cell:
    3   m 56 s
    4   m 19 w
>>> 5   m 93 s
    6   m 15 w
    7   m 57 o

    10   m 34 w
    11   m 90 s
>>> 12   m 49 n
    13   m 86 w
    14   m 12 s


Turn 441
================================================================
warning: owned entities 65, 86, 30 collided on cell (35, 24) as the result of moves on this turn
At command 7 of 12:
    5   m 34 w
    6   m 51 w
>>> 7   m 65 w
    8   m 12 w
    9   m 86 n

Other commands that placed an entity on this cell:
    7   m 65 w
    8   m 12 w
>>> 9   m 86 n
    10   m 32 s
    11   m 56 e


Turn 442
================================================================
warning: owned entities 19, 56, 90 collided on cell (35, 24) as the result of moves on this turn
At command 2 of 9:
    1   m 34 o
>>> 2   m 19 n
    3   m 56 e
    4   m 12 w

Other commands that placed an entity on this cell:
    1   m 34 o
    2   m 19 n
>>> 3   m 56 e
    4   m 12 w
    5   m 90 s

    3   m 56 e
    4   m 12 w
>>> 5   m 90 s
    6   m 94 w
    7   m 51 s


Turn 444
================================================================
warning: owned entities 15, 51, 94 collided on cell (35, 24) as the result of moves on this turn
At command 3 of 6:
    1   m 12 w
    2   m 32 s
>>> 3   m 15 w
    4   m 51 s
    5   m 94 n

Other commands that placed an entity on this cell:
    2   m 32 s
    3   m 15 w
>>> 4   m 51 s
    5   m 94 n
    6   m 34 w

    3   m 15 w
    4   m 51 s
>>> 5   m 94 n
    6   m 34 w


Turn 445
================================================================
warning: owned entities 34, 32 collided on cell (35, 24) as the result of moves on this turn
At command 1 of 3:
>>> 1   m 34 s
    2   m 12 o
    3   m 32 e

Other commands that placed an entity on this cell:
    1   m 34 s
    2   m 12 o
>>> 3   m 32 e

