
Turn 464
================================================================
warning: owned entities 95, 0, 101 collided on cell (1, 0) as the result of moves on this turn
At command 29 of 49:
    27   m 27 s
    28   m 52 w
>>> 29   m 95 w
    30   m 37 s
    31   m 42 o

Other commands that placed an entity on this cell:
    36   m 34 e
    37   m 79 w
>>> 38   m 0 e
    39   m 70 w
    40   m 88 n

    41   m 20 w
    42   m 99 o
>>> 43   m 101 n
    44   m 22 o
    45   m 94 n


Turn 465
================================================================
warning: owned entities 34, 44 collided on cell (43, 55) as the result of moves on this turn
At command 3 of 46:
    1   m 94 w
    2   m 88 o
>>> 3   m 34 e
    4   m 45 w
    5   m 62 n

warning: owned entities 77, 50 collided on cell (49, 8) as the result of moves on this turn
At command 16 of 46:
    14   m 90 w
    15   m 12 e
>>> 16   m 77 w
    17   m 93 w
    18   m 25 w

Other commands that placed an entity on this cell:
    26   m 97 w
    27   m 36 w
>>> 28   m 50 n
    29   m 100 w
    30   m 79 w

warning: owned entities 83, 87 collided on cell (41, 28) as the result of moves on this turn
At command 19 of 46:
    17   m 93 w
    18   m 25 w
>>> 19   m 83 w
    20   m 87 e
    21   m 27 o

Other commands that placed an entity on this cell:
    18   m 25 w
    19   m 83 w
>>> 20   m 87 e
    21   m 27 o
    22   m 65 s

warning: owned entities 70, 93, 20 collided on cell (1, 0) as the result of moves on this turn
At command 9 of 46:
    7   m 37 e
    8   m 52 w
>>> 9   m 70 s
    10   m 71 n
    11   m 2 w

Other commands that placed an entity on this cell:
    15   m 12 e
    16   m 77 w
>>> 17   m 93 w
    18   m 25 w
    19   m 83 w

    40   m 98 n
    41   m 42 o
>>> 42   m 20 n
    43   m 99 n
    44   m 22 o


Turn 466
================================================================
warning: owned entities 30, 80, 55 collided on cell (1, 0) as the result of moves on this turn
At command 7 of 37:
    5   m 79 w
    6   m 100 w
>>> 7   m 30 n
    8   m 36 w
    9   m 65 s

Other commands that placed an entity on this cell:
    9   m 65 s
    10   m 25 w
>>> 11   m 80 w
    12   m 46 w
    13   m 37 e

    21   m 19 w
    22   m 98 n
>>> 23   m 55 s
    24   m 13 s
    25   m 94 w


Turn 467
================================================================
warning: owned entities 94, 98, 18 collided on cell (1, 0) as the result of moves on this turn
At command 11 of 34:
    9   m 57 n
    10   m 52 w
>>> 11   m 94 n
    12   m 42 o
    13   m 13 s

Other commands that placed an entity on this cell:
    19   m 25 w
    20   m 19 w
>>> 21   m 98 e
    22   m 62 e
    23   m 65 s

    29   m 6 n
    30   m 82 w
>>> 31   m 18 w
    32   m 97 w
    33   m 71 n


Turn 468
================================================================
warning: owned entities 19, 2, 57 collided on cell (1, 0) as the result of moves on this turn
At command 10 of 31:
    8   m 37 w
    9   m 62 o
>>> 10   m 19 s
    11   m 22 s
    12   m 88 w

Other commands that placed an entity on this cell:
    16   m 84 e
    17   m 48 s
>>> 18   m 2 w
    19   m 6 n
    20   m 63 n

    22   m 12 e
    23   m 27 o
>>> 24   m 57 n
    25   m 52 w
    26   m 25 w


Turn 469
================================================================
warning: owned entities 79, 86, 63 collided on cell (49, 8) as the result of moves on this turn
At command 15 of 28:
    13   m 97 w
    14   m 65 e
>>> 15   m 79 n
    16   m 22 e
    17   m 37 w

Other commands that placed an entity on this cell:
    18   m 12 e
    19   m 52 s
>>> 20   m 86 w
    21   m 42 o
    22   m 100 o

warning: owned entities 88, 13, 45, 52 collided on cell (1, 0) as the result of moves on this turn
At command 7 of 28:
    5   m 96 o
    6   m 61 n
>>> 7   m 88 w
    8   m 46 w
    9   m 13 e

Other commands that placed an entity on this cell:
    7   m 88 w
    8   m 46 w
>>> 9   m 13 e
    10   m 25 w
    11   m 45 n

    9   m 13 e
    10   m 25 w
>>> 11   m 45 n
    12   m 36 w
    13   m 97 w

    17   m 37 w
    18   m 12 e
>>> 19   m 52 s
    20   m 86 w
    21   m 42 o


Turn 470
================================================================
warning: owned entities 65, 36, 25, 99 collided on cell (1, 0) as the result of moves on this turn
At command 4 of 21:
    2   m 62 s
    3   m 12 e
>>> 4   m 65 e
    5   m 46 w
    6   m 36 w

Other commands that placed an entity on this cell:
    4   m 65 e
    5   m 46 w
>>> 6   m 36 w
    7   m 6 o
    8   m 22 e

    12   m 37 w
    13   m 71 e
>>> 14   m 25 s
    15   m 99 n
    16   m 84 n

    13   m 71 e
    14   m 25 s
>>> 15   m 99 n
    16   m 84 n
    17   m 96 s


Turn 471
================================================================
warning: owned entities 84, 46, 42, 97 collided on cell (1, 0) as the result of moves on this turn
At command 3 of 17:
    1   m 61 w
    2   m 100 w
>>> 3   m 84 e
    4   m 37 w
    5   m 46 s

Other commands that placed an entity on this cell:
    3   m 84 e
    4   m 37 w
>>> 5   m 46 s
    6   m 71 o
    7   m 42 n

    5   m 46 s
    6   m 71 o
>>> 7   m 42 n
    8   m 97 w
    9   m 62 s

    6   m 71 o
    7   m 42 n
>>> 8   m 97 w
    9   m 62 s
    10   m 27 w


Turn 472
================================================================
warning: owned entities 37, 61, 100, 6 collided on cell (1, 0) as the result of moves on this turn
At command 2 of 13:
    1   m 62 s
>>> 2   m 37 s
    3   m 27 w
    4   m 12 e

Other commands that placed an entity on this cell:
    3   m 27 w
    4   m 12 e
>>> 5   m 61 w
    6   m 100 n
    7   m 96 w

    4   m 12 e
    5   m 61 w
>>> 6   m 100 n
    7   m 96 w
    8   m 6 e

    6   m 100 n
    7   m 96 w
>>> 8   m 6 e
    9   m 82 e
    10   m 71 s


Turn 473
================================================================
warning: owned entities 96, 27, 62, 22 collided on cell (1, 0) as the result of moves on this turn
At command 2 of 9:
    1   m 82 e
>>> 2   m 96 s
    3   m 12 e
    4   m 27 w

Other commands that placed an entity on this cell:
    2   m 96 s
    3   m 12 e
>>> 4   m 27 w
    5   m 62 e
    6   m 71 s

    3   m 12 e
    4   m 27 w
>>> 5   m 62 e
    6   m 71 s
    7   m 22 n

    5   m 62 e
    6   m 71 s
>>> 7   m 22 n
    8   m 48 o
    9   m 90 o


Turn 474
================================================================
warning: owned entities 82, 71 collided on cell (1, 0) as the result of moves on this turn
At command 1 of 5:
>>> 1   m 82 e
    2   m 12 e
    3   m 71 w

Other commands that placed an entity on this cell:
    1   m 82 e
    2   m 12 e
>>> 3   m 71 w
    4   m 48 o
    5   m 90 o

